Discrepancy Report Results

Summary
DISC_SOURCE_QUALS_ASNDISC:strain (all present, all unique)
DISC_SOURCE_QUALS_ASNDISC:taxname (all present, all unique)
DISC_FEATURE_COUNT:gene: 580 present
DISC_FEATURE_COUNT:CDS: 580 present
DISC_FEATURE_COUNT:repeat_region: 2 present
DISC_COUNT_NUCLEOTIDES:1 nucleotide Bioseqs are present
OVERLAPPING_GENES:288 genes overlap another gene on the same strand.
SUSPECT_PRODUCT_NAMES:1 product_names contain suspect phrase or characters
	May contain database identifier more appropriate in note; remove from product name
		1 features contains three or more numbers together that may be identifiers more appropriate in note
DISC_FLATFILE_FIND_ONCALLER:1 objects contain haem
DISC_QUALITY_SCORES:Quality scores are missing on all sequences.
DISC_BAD_BACTERIAL_GENE_NAME:1 bacterial genes do not start with lowercase letters
ONCALLER_COMMENT_PRESENT:1 comment descriptors were found (all same)
SHORT_PROT_SEQUENCES:6 protein sequences are shorter than 50 aa.
MISSING_GENOMEASSEMBLY_COMMENTS:1 bioseqs are missing GenomeAssembly structured comments
MOLTYPE_NOT_MRNA:1 molecule types are not set as mRNA.
TECHNIQUE_NOT_TSA:1 technique are not set as TSA
MISSING_STRUCTURED_COMMENT:1 sequences do not include structured comments.
MISSING_PROJECT:581 sequences do not include project.
DISC_INCONSISTENT_MOLINFO_TECH:Molinfo Technique Report (some missing, all same)


Detailed Report

DiscRep_ALL:DISC_SOURCE_QUALS_ASNDISC::strain (all present, all unique)
DiscRep_SUB:DISC_SOURCE_QUALS_ASNDISC::1 sources have unique values for strain
DiscRep_ALL:DISC_SOURCE_QUALS_ASNDISC::taxname (all present, all unique)
DiscRep_SUB:DISC_SOURCE_QUALS_ASNDISC::1 sources have unique values for taxname
DiscRep_ALL:DISC_FEATURE_COUNT::gene: 580 present
DiscRep_ALL:DISC_FEATURE_COUNT::CDS: 580 present
DiscRep_ALL:DISC_FEATURE_COUNT::repeat_region: 2 present
DiscRep_ALL:DISC_COUNT_NUCLEOTIDES::1 nucleotide Bioseqs are present
faa/Prokka/GCA_000008085/GCA_000008085:UU:CALJACFG_1 (length 490885)

DiscRep_ALL:OVERLAPPING_GENES::288 genes overlap another gene on the same strand.
faa/Prokka/GCA_000008085/GCA_000008085:Gene	CALJACFG_00030	CALJACFG_1:c3748-3290	CALJACFG_00030
faa/Prokka/GCA_000008085/GCA_000008085:Gene	CALJACFG_00040	CALJACFG_1:c4665-3745	CALJACFG_00040
faa/Prokka/GCA_000008085/GCA_000008085:Gene	CALJACFG_00060	CALJACFG_1:c5561-5028	CALJACFG_00060
faa/Prokka/GCA_000008085/GCA_000008085:Gene	CALJACFG_00070	CALJACFG_1:c5707-5537	CALJACFG_00070
faa/Prokka/GCA_000008085/GCA_000008085:Gene	CALJACFG_00090	CALJACFG_1:c7401-7105	CALJACFG_00090
faa/Prokka/GCA_000008085/GCA_000008085:Gene	CALJACFG_00100	CALJACFG_1:c8423-7398	CALJACFG_00100
faa/Prokka/GCA_000008085/GCA_000008085:Gene	sorA	CALJACFG_1:c8728-8399	CALJACFG_00110
faa/Prokka/GCA_000008085/GCA_000008085:Gene	CALJACFG_00120	CALJACFG_1:8775-9815	CALJACFG_00120
faa/Prokka/GCA_000008085/GCA_000008085:Gene	pqqE	CALJACFG_1:9793-10833	CALJACFG_00130
faa/Prokka/GCA_000008085/GCA_000008085:Gene	CALJACFG_00190	CALJACFG_1:16354-17631	CALJACFG_00190
faa/Prokka/GCA_000008085/GCA_000008085:Gene	CALJACFG_00200	CALJACFG_1:17628-18596	CALJACFG_00200
faa/Prokka/GCA_000008085/GCA_000008085:Gene	CALJACFG_00210	CALJACFG_1:18593-19297	CALJACFG_00210
faa/Prokka/GCA_000008085/GCA_000008085:Gene	cas3	CALJACFG_1:19294-21561	CALJACFG_00220
faa/Prokka/GCA_000008085/GCA_000008085:Gene	CALJACFG_00240	CALJACFG_1:22093-22350	CALJACFG_00240
faa/Prokka/GCA_000008085/GCA_000008085:Gene	CALJACFG_00250	CALJACFG_1:22304-23197	CALJACFG_00250
faa/Prokka/GCA_000008085/GCA_000008085:Gene	CALJACFG_00280	CALJACFG_1:25199-25507	CALJACFG_00280
faa/Prokka/GCA_000008085/GCA_000008085:Gene	CALJACFG_00290	CALJACFG_1:25482-26426	CALJACFG_00290
faa/Prokka/GCA_000008085/GCA_000008085:Gene	CALJACFG_00310	CALJACFG_1:c28059-27544	CALJACFG_00310
faa/Prokka/GCA_000008085/GCA_000008085:Gene	CALJACFG_00320	CALJACFG_1:c28691-28056	CALJACFG_00320
faa/Prokka/GCA_000008085/GCA_000008085:Gene	CALJACFG_00340	CALJACFG_1:29432-30583	CALJACFG_00340
faa/Prokka/GCA_000008085/GCA_000008085:Gene	CALJACFG_00350	CALJACFG_1:30576-32363	CALJACFG_00350
faa/Prokka/GCA_000008085/GCA_000008085:Gene	CALJACFG_00360	CALJACFG_1:32363-32998	CALJACFG_00360
faa/Prokka/GCA_000008085/GCA_000008085:Gene	tbp	CALJACFG_1:35478-36131	CALJACFG_00410
faa/Prokka/GCA_000008085/GCA_000008085:Gene	CALJACFG_00420	CALJACFG_1:36124-36771	CALJACFG_00420
faa/Prokka/GCA_000008085/GCA_000008085:Gene	CALJACFG_00430	CALJACFG_1:c37566-36739	CALJACFG_00430
faa/Prokka/GCA_000008085/GCA_000008085:Gene	CALJACFG_00440	CALJACFG_1:c39014-37563	CALJACFG_00440
faa/Prokka/GCA_000008085/GCA_000008085:Gene	CALJACFG_00460	CALJACFG_1:c39895-39323	CALJACFG_00460
faa/Prokka/GCA_000008085/GCA_000008085:Gene	rgy_1	CALJACFG_1:c41099-39873	CALJACFG_00470
faa/Prokka/GCA_000008085/GCA_000008085:Gene	CALJACFG_00480	CALJACFG_1:41483-42061	CALJACFG_00480
faa/Prokka/GCA_000008085/GCA_000008085:Gene	CALJACFG_00490	CALJACFG_1:42006-42803	CALJACFG_00490
faa/Prokka/GCA_000008085/GCA_000008085:Gene	CALJACFG_00510	CALJACFG_1:c45112-44420	CALJACFG_00510
faa/Prokka/GCA_000008085/GCA_000008085:Gene	shyC	CALJACFG_1:c45753-45112	CALJACFG_00520
faa/Prokka/GCA_000008085/GCA_000008085:Gene	cysS	CALJACFG_1:48853-50226	CALJACFG_00560
faa/Prokka/GCA_000008085/GCA_000008085:Gene	cdc6	CALJACFG_1:50213-51247	CALJACFG_00570
faa/Prokka/GCA_000008085/GCA_000008085:Gene	CALJACFG_00580	CALJACFG_1:c51779-51234	CALJACFG_00580
faa/Prokka/GCA_000008085/GCA_000008085:Gene	CALJACFG_00590	CALJACFG_1:c52191-51760	CALJACFG_00590
faa/Prokka/GCA_000008085/GCA_000008085:Gene	CALJACFG_00640	CALJACFG_1:c58431-56818	CALJACFG_00640
faa/Prokka/GCA_000008085/GCA_000008085:Gene	rnhB	CALJACFG_1:c59030-58428	CALJACFG_00650
faa/Prokka/GCA_000008085/GCA_000008085:Gene	rnz	CALJACFG_1:c59961-59011	CALJACFG_00660
faa/Prokka/GCA_000008085/GCA_000008085:Gene	CALJACFG_00690	CALJACFG_1:c61065-60445	CALJACFG_00690
faa/Prokka/GCA_000008085/GCA_000008085:Gene	CALJACFG_00700	CALJACFG_1:c61805-61050	CALJACFG_00700
faa/Prokka/GCA_000008085/GCA_000008085:Gene	pol_1	CALJACFG_1:c63795-61786	CALJACFG_00710
faa/Prokka/GCA_000008085/GCA_000008085:Gene	CALJACFG_00720	CALJACFG_1:c64144-63752	CALJACFG_00720
faa/Prokka/GCA_000008085/GCA_000008085:Gene	CALJACFG_00730	CALJACFG_1:64202-64999	CALJACFG_00730
faa/Prokka/GCA_000008085/GCA_000008085:Gene	CALJACFG_00740	CALJACFG_1:64996-65676	CALJACFG_00740
faa/Prokka/GCA_000008085/GCA_000008085:Gene	CALJACFG_00750	CALJACFG_1:c66171-65668	CALJACFG_00750
faa/Prokka/GCA_000008085/GCA_000008085:Gene	CALJACFG_00760	CALJACFG_1:c66709-66140	CALJACFG_00760
faa/Prokka/GCA_000008085/GCA_000008085:Gene	CALJACFG_00770	CALJACFG_1:c66866-66702	CALJACFG_00770
faa/Prokka/GCA_000008085/GCA_000008085:Gene	rtcB	CALJACFG_1:72158-73591	CALJACFG_00830
faa/Prokka/GCA_000008085/GCA_000008085:Gene	CALJACFG_00840	CALJACFG_1:73588-73842	CALJACFG_00840
faa/Prokka/GCA_000008085/GCA_000008085:Gene	tuf	CALJACFG_1:76817-78118	CALJACFG_00880
faa/Prokka/GCA_000008085/GCA_000008085:Gene	CALJACFG_00890	CALJACFG_1:78118-78447	CALJACFG_00890
faa/Prokka/GCA_000008085/GCA_000008085:Gene	CALJACFG_00900	CALJACFG_1:78469-79527	CALJACFG_00900
faa/Prokka/GCA_000008085/GCA_000008085:Gene	CALJACFG_00910	CALJACFG_1:79524-80051	CALJACFG_00910
faa/Prokka/GCA_000008085/GCA_000008085:Gene	CALJACFG_00920	CALJACFG_1:80035-81528	CALJACFG_00920
faa/Prokka/GCA_000008085/GCA_000008085:Gene	lysS	CALJACFG_1:c84323-82536	CALJACFG_00940
faa/Prokka/GCA_000008085/GCA_000008085:Gene	CALJACFG_00950	CALJACFG_1:c85015-84323	CALJACFG_00950
faa/Prokka/GCA_000008085/GCA_000008085:Gene	CALJACFG_00960	CALJACFG_1:c86202-85021	CALJACFG_00960
faa/Prokka/GCA_000008085/GCA_000008085:Gene	CALJACFG_00970	CALJACFG_1:c87040-86186	CALJACFG_00970
faa/Prokka/GCA_000008085/GCA_000008085:Gene	CALJACFG_00990	CALJACFG_1:87498-87764	CALJACFG_00990
faa/Prokka/GCA_000008085/GCA_000008085:Gene	CALJACFG_01000	CALJACFG_1:87733-88353	CALJACFG_01000
faa/Prokka/GCA_000008085/GCA_000008085:Gene	tmcA_1	CALJACFG_1:89466-90296	CALJACFG_01030
faa/Prokka/GCA_000008085/GCA_000008085:Gene	CALJACFG_01040	CALJACFG_1:90266-90919	CALJACFG_01040
faa/Prokka/GCA_000008085/GCA_000008085:Gene	CALJACFG_01080	CALJACFG_1:93702-94184	CALJACFG_01080
faa/Prokka/GCA_000008085/GCA_000008085:Gene	atpA	CALJACFG_1:94177-95889	CALJACFG_01090
faa/Prokka/GCA_000008085/GCA_000008085:Gene	hisS	CALJACFG_1:c97063-95849	CALJACFG_01100
faa/Prokka/GCA_000008085/GCA_000008085:Gene	CALJACFG_01110	CALJACFG_1:c98040-97060	CALJACFG_01110
faa/Prokka/GCA_000008085/GCA_000008085:Gene	rps6e	CALJACFG_1:c98417-98037	CALJACFG_01120
faa/Prokka/GCA_000008085/GCA_000008085:Gene	CALJACFG_01130	CALJACFG_1:98707-99819	CALJACFG_01130
faa/Prokka/GCA_000008085/GCA_000008085:Gene	pelA	CALJACFG_1:99803-100720	CALJACFG_01140
faa/Prokka/GCA_000008085/GCA_000008085:Gene	trm1	CALJACFG_1:c101753-100695	CALJACFG_01150
faa/Prokka/GCA_000008085/GCA_000008085:Gene	CALJACFG_01160	CALJACFG_1:c103012-101750	CALJACFG_01160
faa/Prokka/GCA_000008085/GCA_000008085:Gene	CALJACFG_01170	CALJACFG_1:c103665-103009	CALJACFG_01170
faa/Prokka/GCA_000008085/GCA_000008085:Gene	der	CALJACFG_1:c104675-103692	CALJACFG_01180
faa/Prokka/GCA_000008085/GCA_000008085:Gene	CALJACFG_01190	CALJACFG_1:c105105-104665	CALJACFG_01190
faa/Prokka/GCA_000008085/GCA_000008085:Gene	CALJACFG_01200	CALJACFG_1:c106161-105115	CALJACFG_01200
faa/Prokka/GCA_000008085/GCA_000008085:Gene	trpS	CALJACFG_1:c107291-106158	CALJACFG_01210
faa/Prokka/GCA_000008085/GCA_000008085:Gene	CALJACFG_01220	CALJACFG_1:107338-107637	CALJACFG_01220
faa/Prokka/GCA_000008085/GCA_000008085:Gene	CALJACFG_01230	CALJACFG_1:107634-108647	CALJACFG_01230
faa/Prokka/GCA_000008085/GCA_000008085:Gene	CALJACFG_01240	CALJACFG_1:c109071-108613	CALJACFG_01240
faa/Prokka/GCA_000008085/GCA_000008085:Gene	CALJACFG_01250	CALJACFG_1:c109802-109068	CALJACFG_01250
faa/Prokka/GCA_000008085/GCA_000008085:Gene	flpA	CALJACFG_1:113656-114354	CALJACFG_01310
faa/Prokka/GCA_000008085/GCA_000008085:Gene	gatD	CALJACFG_1:114348-115526	CALJACFG_01320
faa/Prokka/GCA_000008085/GCA_000008085:Gene	CALJACFG_01330	CALJACFG_1:115523-115906	CALJACFG_01330
faa/Prokka/GCA_000008085/GCA_000008085:Gene	CALJACFG_01400	CALJACFG_1:c122488-121928	CALJACFG_01400
faa/Prokka/GCA_000008085/GCA_000008085:Gene	CALJACFG_01410	CALJACFG_1:c123342-122482	CALJACFG_01410
faa/Prokka/GCA_000008085/GCA_000008085:Gene	CALJACFG_01420	CALJACFG_1:c124808-123318	CALJACFG_01420
faa/Prokka/GCA_000008085/GCA_000008085:Gene	CALJACFG_01430	CALJACFG_1:c125557-124805	CALJACFG_01430
faa/Prokka/GCA_000008085/GCA_000008085:Gene	CALJACFG_01440	CALJACFG_1:c127263-125554	CALJACFG_01440
faa/Prokka/GCA_000008085/GCA_000008085:Gene	CALJACFG_01460	CALJACFG_1:c128983-128285	CALJACFG_01460
faa/Prokka/GCA_000008085/GCA_000008085:Gene	CALJACFG_01470	CALJACFG_1:c129858-128980	CALJACFG_01470
faa/Prokka/GCA_000008085/GCA_000008085:Gene	CALJACFG_01530	CALJACFG_1:c135754-135374	CALJACFG_01530
faa/Prokka/GCA_000008085/GCA_000008085:Gene	rimO	CALJACFG_1:c137045-135711	CALJACFG_01540
faa/Prokka/GCA_000008085/GCA_000008085:Gene	adkA	CALJACFG_1:c137894-137352	CALJACFG_01560
faa/Prokka/GCA_000008085/GCA_000008085:Gene	CALJACFG_01570	CALJACFG_1:c138190-137891	CALJACFG_01570
faa/Prokka/GCA_000008085/GCA_000008085:Gene	cca	CALJACFG_1:c139480-138302	CALJACFG_01580
faa/Prokka/GCA_000008085/GCA_000008085:Gene	CALJACFG_01590	CALJACFG_1:c139761-139480	CALJACFG_01590
faa/Prokka/GCA_000008085/GCA_000008085:Gene	CALJACFG_01610	CALJACFG_1:c143145-140260	CALJACFG_01610
faa/Prokka/GCA_000008085/GCA_000008085:Gene	rpoB1	CALJACFG_1:c144920-143109	CALJACFG_01620
faa/Prokka/GCA_000008085/GCA_000008085:Gene	CALJACFG_01650	CALJACFG_1:c146731-146588	CALJACFG_01650
faa/Prokka/GCA_000008085/GCA_000008085:Gene	CALJACFG_01660	CALJACFG_1:c147267-146728	CALJACFG_01660
faa/Prokka/GCA_000008085/GCA_000008085:Gene	CALJACFG_01670	CALJACFG_1:147299-148270	CALJACFG_01670
faa/Prokka/GCA_000008085/GCA_000008085:Gene	CALJACFG_01680	CALJACFG_1:148267-149250	CALJACFG_01680
faa/Prokka/GCA_000008085/GCA_000008085:Gene	CALJACFG_01700	CALJACFG_1:c149716-149411	CALJACFG_01700
faa/Prokka/GCA_000008085/GCA_000008085:Gene	CALJACFG_01710	CALJACFG_1:c150581-149706	CALJACFG_01710
faa/Prokka/GCA_000008085/GCA_000008085:Gene	CALJACFG_01780	CALJACFG_1:c157468-156422	CALJACFG_01780
faa/Prokka/GCA_000008085/GCA_000008085:Gene	aglI	CALJACFG_1:c158271-157465	CALJACFG_01790
faa/Prokka/GCA_000008085/GCA_000008085:Gene	rpoB2	CALJACFG_1:158320-159789	CALJACFG_01800
faa/Prokka/GCA_000008085/GCA_000008085:Gene	CALJACFG_01810	CALJACFG_1:159773-160918	CALJACFG_01810
faa/Prokka/GCA_000008085/GCA_000008085:Gene	CALJACFG_01870	CALJACFG_1:164948-165358	CALJACFG_01870
faa/Prokka/GCA_000008085/GCA_000008085:Gene	rpoL	CALJACFG_1:165355-165645	CALJACFG_01880
faa/Prokka/GCA_000008085/GCA_000008085:Gene	CALJACFG_01900	CALJACFG_1:166244-166570	CALJACFG_01900
faa/Prokka/GCA_000008085/GCA_000008085:Gene	rrp4	CALJACFG_1:166567-167163	CALJACFG_01910
faa/Prokka/GCA_000008085/GCA_000008085:Gene	gatB	CALJACFG_1:167163-168512	CALJACFG_01920
faa/Prokka/GCA_000008085/GCA_000008085:Gene	pan	CALJACFG_1:168505-169614	CALJACFG_01930
faa/Prokka/GCA_000008085/GCA_000008085:Gene	CALJACFG_01940	CALJACFG_1:169614-169934	CALJACFG_01940
faa/Prokka/GCA_000008085/GCA_000008085:Gene	CALJACFG_02020	CALJACFG_1:176888-177193	CALJACFG_02020
faa/Prokka/GCA_000008085/GCA_000008085:Gene	CALJACFG_02030	CALJACFG_1:177181-177591	CALJACFG_02030
faa/Prokka/GCA_000008085/GCA_000008085:Gene	CALJACFG_02040	CALJACFG_1:177596-178609	CALJACFG_02040
faa/Prokka/GCA_000008085/GCA_000008085:Gene	CALJACFG_02050	CALJACFG_1:178606-179616	CALJACFG_02050
faa/Prokka/GCA_000008085/GCA_000008085:Gene	rpa	CALJACFG_1:c180388-179657	CALJACFG_02060
faa/Prokka/GCA_000008085/GCA_000008085:Gene	CALJACFG_02070	CALJACFG_1:c180923-180381	CALJACFG_02070
faa/Prokka/GCA_000008085/GCA_000008085:Gene	CALJACFG_02080	CALJACFG_1:c181203-180895	CALJACFG_02080
faa/Prokka/GCA_000008085/GCA_000008085:Gene	endA	CALJACFG_1:c182851-182387	CALJACFG_02110
faa/Prokka/GCA_000008085/GCA_000008085:Gene	rpoK	CALJACFG_1:c183060-182848	CALJACFG_02120
faa/Prokka/GCA_000008085/GCA_000008085:Gene	truB_1	CALJACFG_1:183094-183522	CALJACFG_02130
faa/Prokka/GCA_000008085/GCA_000008085:Gene	argS	CALJACFG_1:183522-185135	CALJACFG_02140
faa/Prokka/GCA_000008085/GCA_000008085:Gene	alaS_1	CALJACFG_1:c191306-189807	CALJACFG_02190
faa/Prokka/GCA_000008085/GCA_000008085:Gene	CALJACFG_02200	CALJACFG_1:c191856-191290	CALJACFG_02200
faa/Prokka/GCA_000008085/GCA_000008085:Gene	CALJACFG_02230	CALJACFG_1:c194009-193335	CALJACFG_02230
faa/Prokka/GCA_000008085/GCA_000008085:Gene	CALJACFG_02240	CALJACFG_1:c194268-193996	CALJACFG_02240
faa/Prokka/GCA_000008085/GCA_000008085:Gene	atpP	CALJACFG_1:c194470-194261	CALJACFG_02250
faa/Prokka/GCA_000008085/GCA_000008085:Gene	CALJACFG_02260	CALJACFG_1:c194992-194492	CALJACFG_02260
faa/Prokka/GCA_000008085/GCA_000008085:Gene	CALJACFG_02270	CALJACFG_1:c195189-194992	CALJACFG_02270
faa/Prokka/GCA_000008085/GCA_000008085:Gene	CALJACFG_02320	CALJACFG_1:198657-198791	CALJACFG_02320
faa/Prokka/GCA_000008085/GCA_000008085:Gene	CALJACFG_02330	CALJACFG_1:198788-199201	CALJACFG_02330
faa/Prokka/GCA_000008085/GCA_000008085:Gene	CALJACFG_02340	CALJACFG_1:199209-199997	CALJACFG_02340
faa/Prokka/GCA_000008085/GCA_000008085:Gene	dph2	CALJACFG_1:199994-200884	CALJACFG_02350
faa/Prokka/GCA_000008085/GCA_000008085:Gene	CALJACFG_02360	CALJACFG_1:200885-201118	CALJACFG_02360
faa/Prokka/GCA_000008085/GCA_000008085:Gene	ptr2	CALJACFG_1:201106-201522	CALJACFG_02370
faa/Prokka/GCA_000008085/GCA_000008085:Gene	CALJACFG_02380	CALJACFG_1:c202403-201510	CALJACFG_02380
faa/Prokka/GCA_000008085/GCA_000008085:Gene	ileS_1	CALJACFG_1:c205450-202400	CALJACFG_02390
faa/Prokka/GCA_000008085/GCA_000008085:Gene	spt4	CALJACFG_1:205498-205695	CALJACFG_02400
faa/Prokka/GCA_000008085/GCA_000008085:Gene	CALJACFG_02410	CALJACFG_1:205695-206219	CALJACFG_02410
faa/Prokka/GCA_000008085/GCA_000008085:Gene	CALJACFG_02420	CALJACFG_1:c207111-206206	CALJACFG_02420
faa/Prokka/GCA_000008085/GCA_000008085:Gene	rfcS_2	CALJACFG_1:c208010-207108	CALJACFG_02430
faa/Prokka/GCA_000008085/GCA_000008085:Gene	CALJACFG_02460	CALJACFG_1:209835-210422	CALJACFG_02460
faa/Prokka/GCA_000008085/GCA_000008085:Gene	prmC	CALJACFG_1:210409-210936	CALJACFG_02470
faa/Prokka/GCA_000008085/GCA_000008085:Gene	rps7	CALJACFG_1:216154-216750	CALJACFG_02510
faa/Prokka/GCA_000008085/GCA_000008085:Gene	CALJACFG_02520	CALJACFG_1:216750-217412	CALJACFG_02520
faa/Prokka/GCA_000008085/GCA_000008085:Gene	pth	CALJACFG_1:c218561-218214	CALJACFG_02540
faa/Prokka/GCA_000008085/GCA_000008085:Gene	CALJACFG_02550	CALJACFG_1:c219196-218546	CALJACFG_02550
faa/Prokka/GCA_000008085/GCA_000008085:Gene	rps4	CALJACFG_1:c219722-219180	CALJACFG_02560
faa/Prokka/GCA_000008085/GCA_000008085:Gene	CALJACFG_02640	CALJACFG_1:c228643-228095	CALJACFG_02640
faa/Prokka/GCA_000008085/GCA_000008085:Gene	CALJACFG_02650	CALJACFG_1:c229019-228597	CALJACFG_02650
faa/Prokka/GCA_000008085/GCA_000008085:Gene	CALJACFG_02680	CALJACFG_1:229561-231621	CALJACFG_02680
faa/Prokka/GCA_000008085/GCA_000008085:Gene	CALJACFG_02690	CALJACFG_1:231618-232079	CALJACFG_02690
faa/Prokka/GCA_000008085/GCA_000008085:Gene	rpmC	CALJACFG_1:232468-232659	CALJACFG_02710
faa/Prokka/GCA_000008085/GCA_000008085:Gene	CALJACFG_02720	CALJACFG_1:232649-232966	CALJACFG_02720
faa/Prokka/GCA_000008085/GCA_000008085:Gene	CALJACFG_02750	CALJACFG_1:c241692-241105	CALJACFG_02750
faa/Prokka/GCA_000008085/GCA_000008085:Gene	CALJACFG_02760	CALJACFG_1:c242729-241689	CALJACFG_02760
faa/Prokka/GCA_000008085/GCA_000008085:Gene	CALJACFG_02770	CALJACFG_1:c243607-242726	CALJACFG_02770
faa/Prokka/GCA_000008085/GCA_000008085:Gene	CALJACFG_02800	CALJACFG_1:246109-246651	CALJACFG_02800
faa/Prokka/GCA_000008085/GCA_000008085:Gene	CALJACFG_02810	CALJACFG_1:246651-247775	CALJACFG_02810
faa/Prokka/GCA_000008085/GCA_000008085:Gene	tfb	CALJACFG_1:248284-249231	CALJACFG_02830
faa/Prokka/GCA_000008085/GCA_000008085:Gene	CALJACFG_02840	CALJACFG_1:249215-249433	CALJACFG_02840
faa/Prokka/GCA_000008085/GCA_000008085:Gene	ttuA_1	CALJACFG_1:255499-256305	CALJACFG_02910
faa/Prokka/GCA_000008085/GCA_000008085:Gene	CALJACFG_02920	CALJACFG_1:256280-256792	CALJACFG_02920
faa/Prokka/GCA_000008085/GCA_000008085:Gene	CALJACFG_03020	CALJACFG_1:c265511-261339	CALJACFG_03020
faa/Prokka/GCA_000008085/GCA_000008085:Gene	CALJACFG_03030	CALJACFG_1:c265735-265508	CALJACFG_03030
faa/Prokka/GCA_000008085/GCA_000008085:Gene	CALJACFG_03060	CALJACFG_1:c268246-267116	CALJACFG_03060
faa/Prokka/GCA_000008085/GCA_000008085:Gene	trm4	CALJACFG_1:c269115-268243	CALJACFG_03070
faa/Prokka/GCA_000008085/GCA_000008085:Gene	CALJACFG_03090	CALJACFG_1:c269825-269367	CALJACFG_03090
faa/Prokka/GCA_000008085/GCA_000008085:Gene	CALJACFG_03100	CALJACFG_1:c270507-269818	CALJACFG_03100
faa/Prokka/GCA_000008085/GCA_000008085:Gene	btuD_2	CALJACFG_1:c272222-270507	CALJACFG_03110
faa/Prokka/GCA_000008085/GCA_000008085:Gene	CALJACFG_03150	CALJACFG_1:277214-277471	CALJACFG_03150
faa/Prokka/GCA_000008085/GCA_000008085:Gene	CALJACFG_03160	CALJACFG_1:277468-277665	CALJACFG_03160
faa/Prokka/GCA_000008085/GCA_000008085:Gene	tgtA_2	CALJACFG_1:277847-278290	CALJACFG_03180
faa/Prokka/GCA_000008085/GCA_000008085:Gene	rhaD	CALJACFG_1:278262-278930	CALJACFG_03190
faa/Prokka/GCA_000008085/GCA_000008085:Gene	rsmF	CALJACFG_1:281526-281954	CALJACFG_03230
faa/Prokka/GCA_000008085/GCA_000008085:Gene	CALJACFG_03240	CALJACFG_1:281951-282436	CALJACFG_03240
faa/Prokka/GCA_000008085/GCA_000008085:Gene	CALJACFG_03290	CALJACFG_1:c285017-284247	CALJACFG_03290
faa/Prokka/GCA_000008085/GCA_000008085:Gene	CALJACFG_03300	CALJACFG_1:c285430-285014	CALJACFG_03300
faa/Prokka/GCA_000008085/GCA_000008085:Gene	rpl7ae	CALJACFG_1:287613-287990	CALJACFG_03320
faa/Prokka/GCA_000008085/GCA_000008085:Gene	CALJACFG_03330	CALJACFG_1:287987-288427	CALJACFG_03330
faa/Prokka/GCA_000008085/GCA_000008085:Gene	CALJACFG_03390	CALJACFG_1:290465-290806	CALJACFG_03390
faa/Prokka/GCA_000008085/GCA_000008085:Gene	CALJACFG_03400	CALJACFG_1:290803-291039	CALJACFG_03400
faa/Prokka/GCA_000008085/GCA_000008085:Gene	CALJACFG_03410	CALJACFG_1:c291486-291022	CALJACFG_03410
faa/Prokka/GCA_000008085/GCA_000008085:Gene	dut	CALJACFG_1:c291970-291473	CALJACFG_03420
faa/Prokka/GCA_000008085/GCA_000008085:Gene	CALJACFG_03430	CALJACFG_1:c292908-291967	CALJACFG_03430
faa/Prokka/GCA_000008085/GCA_000008085:Gene	CALJACFG_03450	CALJACFG_1:293211-293480	CALJACFG_03450
faa/Prokka/GCA_000008085/GCA_000008085:Gene	CALJACFG_03460	CALJACFG_1:293477-294319	CALJACFG_03460
faa/Prokka/GCA_000008085/GCA_000008085:Gene	truA	CALJACFG_1:c295471-294842	CALJACFG_03480
faa/Prokka/GCA_000008085/GCA_000008085:Gene	CALJACFG_03490	CALJACFG_1:c296003-295458	CALJACFG_03490
faa/Prokka/GCA_000008085/GCA_000008085:Gene	CALJACFG_03500	CALJACFG_1:c296818-295994	CALJACFG_03500
faa/Prokka/GCA_000008085/GCA_000008085:Gene	CALJACFG_03530	CALJACFG_1:297715-297867	CALJACFG_03530
faa/Prokka/GCA_000008085/GCA_000008085:Gene	gph	CALJACFG_1:297849-298418	CALJACFG_03540
faa/Prokka/GCA_000008085/GCA_000008085:Gene	CALJACFG_03550	CALJACFG_1:c298865-298392	CALJACFG_03550
faa/Prokka/GCA_000008085/GCA_000008085:Gene	dnaG	CALJACFG_1:c299977-298862	CALJACFG_03560
faa/Prokka/GCA_000008085/GCA_000008085:Gene	nfi	CALJACFG_1:c305006-304107	CALJACFG_03610
faa/Prokka/GCA_000008085/GCA_000008085:Gene	CALJACFG_03620	CALJACFG_1:c305229-304993	CALJACFG_03620
faa/Prokka/GCA_000008085/GCA_000008085:Gene	CALJACFG_03740	CALJACFG_1:c313666-313232	CALJACFG_03740
faa/Prokka/GCA_000008085/GCA_000008085:Gene	CALJACFG_03750	CALJACFG_1:c313932-313666	CALJACFG_03750
faa/Prokka/GCA_000008085/GCA_000008085:Gene	mnmE	CALJACFG_1:c319626-318940	CALJACFG_03820
faa/Prokka/GCA_000008085/GCA_000008085:Gene	CALJACFG_03830	CALJACFG_1:c320206-319619	CALJACFG_03830
faa/Prokka/GCA_000008085/GCA_000008085:Gene	CALJACFG_03840	CALJACFG_1:320437-321318	CALJACFG_03840
faa/Prokka/GCA_000008085/GCA_000008085:Gene	dbpA	CALJACFG_1:321315-322937	CALJACFG_03850
faa/Prokka/GCA_000008085/GCA_000008085:Gene	rps3ae	CALJACFG_1:325689-326285	CALJACFG_03900
faa/Prokka/GCA_000008085/GCA_000008085:Gene	CALJACFG_03910	CALJACFG_1:326282-326446	CALJACFG_03910
faa/Prokka/GCA_000008085/GCA_000008085:Gene	CALJACFG_03960	CALJACFG_1:328987-329430	CALJACFG_03960
faa/Prokka/GCA_000008085/GCA_000008085:Gene	CALJACFG_03970	CALJACFG_1:329427-330944	CALJACFG_03970
faa/Prokka/GCA_000008085/GCA_000008085:Gene	CALJACFG_04110	CALJACFG_1:c345807-344626	CALJACFG_04110
faa/Prokka/GCA_000008085/GCA_000008085:Gene	CALJACFG_04120	CALJACFG_1:c346096-345800	CALJACFG_04120
faa/Prokka/GCA_000008085/GCA_000008085:Gene	dys	CALJACFG_1:c350635-349712	CALJACFG_04180
faa/Prokka/GCA_000008085/GCA_000008085:Gene	CALJACFG_04190	CALJACFG_1:c353778-350635	CALJACFG_04190
faa/Prokka/GCA_000008085/GCA_000008085:Gene	eif2a	CALJACFG_1:c354517-353756	CALJACFG_04200
faa/Prokka/GCA_000008085/GCA_000008085:Gene	CALJACFG_04210	CALJACFG_1:c355404-354514	CALJACFG_04210
faa/Prokka/GCA_000008085/GCA_000008085:Gene	CALJACFG_04240	CALJACFG_1:c357378-356596	CALJACFG_04240
faa/Prokka/GCA_000008085/GCA_000008085:Gene	CALJACFG_04250	CALJACFG_1:c358754-357366	CALJACFG_04250
faa/Prokka/GCA_000008085/GCA_000008085:Gene	CALJACFG_04260	CALJACFG_1:c358915-358751	CALJACFG_04260
faa/Prokka/GCA_000008085/GCA_000008085:Gene	CALJACFG_04270	CALJACFG_1:c359087-358878	CALJACFG_04270
faa/Prokka/GCA_000008085/GCA_000008085:Gene	CALJACFG_04300	CALJACFG_1:360845-361135	CALJACFG_04300
faa/Prokka/GCA_000008085/GCA_000008085:Gene	CALJACFG_04310	CALJACFG_1:361132-361713	CALJACFG_04310
faa/Prokka/GCA_000008085/GCA_000008085:Gene	lon_2	CALJACFG_1:c362396-361698	CALJACFG_04320
faa/Prokka/GCA_000008085/GCA_000008085:Gene	CALJACFG_04330	CALJACFG_1:c362731-362393	CALJACFG_04330
faa/Prokka/GCA_000008085/GCA_000008085:Gene	CALJACFG_04380	CALJACFG_1:369997-370215	CALJACFG_04380
faa/Prokka/GCA_000008085/GCA_000008085:Gene	CALJACFG_04390	CALJACFG_1:370202-370894	CALJACFG_04390
faa/Prokka/GCA_000008085/GCA_000008085:Gene	dphB	CALJACFG_1:370891-371544	CALJACFG_04400
faa/Prokka/GCA_000008085/GCA_000008085:Gene	hjc	CALJACFG_1:371519-371896	CALJACFG_04410
faa/Prokka/GCA_000008085/GCA_000008085:Gene	thiI	CALJACFG_1:c373187-371886	CALJACFG_04420
faa/Prokka/GCA_000008085/GCA_000008085:Gene	CALJACFG_04430	CALJACFG_1:c375321-373177	CALJACFG_04430
faa/Prokka/GCA_000008085/GCA_000008085:Gene	CALJACFG_04470	CALJACFG_1:c378041-377727	CALJACFG_04470
faa/Prokka/GCA_000008085/GCA_000008085:Gene	CALJACFG_04480	CALJACFG_1:c378405-378010	CALJACFG_04480
faa/Prokka/GCA_000008085/GCA_000008085:Gene	rfcL	CALJACFG_1:378494-379786	CALJACFG_04490
faa/Prokka/GCA_000008085/GCA_000008085:Gene	CALJACFG_04500	CALJACFG_1:379770-380366	CALJACFG_04500
faa/Prokka/GCA_000008085/GCA_000008085:Gene	CALJACFG_04530	CALJACFG_1:c382305-381715	CALJACFG_04530
faa/Prokka/GCA_000008085/GCA_000008085:Gene	CALJACFG_04540	CALJACFG_1:c382423-382283	CALJACFG_04540
faa/Prokka/GCA_000008085/GCA_000008085:Gene	secD	CALJACFG_1:c386395-384998	CALJACFG_04570
faa/Prokka/GCA_000008085/GCA_000008085:Gene	secF	CALJACFG_1:c387147-386392	CALJACFG_04580
faa/Prokka/GCA_000008085/GCA_000008085:Gene	CALJACFG_04590	CALJACFG_1:387180-388178	CALJACFG_04590
faa/Prokka/GCA_000008085/GCA_000008085:Gene	CALJACFG_04600	CALJACFG_1:388175-389062	CALJACFG_04600
faa/Prokka/GCA_000008085/GCA_000008085:Gene	CALJACFG_04620	CALJACFG_1:c391950-391408	CALJACFG_04620
faa/Prokka/GCA_000008085/GCA_000008085:Gene	CALJACFG_04630	CALJACFG_1:c392470-391916	CALJACFG_04630
faa/Prokka/GCA_000008085/GCA_000008085:Gene	CALJACFG_04670	CALJACFG_1:c396266-395313	CALJACFG_04670
faa/Prokka/GCA_000008085/GCA_000008085:Gene	CALJACFG_04680	CALJACFG_1:c396558-396205	CALJACFG_04680
faa/Prokka/GCA_000008085/GCA_000008085:Gene	rps9	CALJACFG_1:397016-397426	CALJACFG_04690
faa/Prokka/GCA_000008085/GCA_000008085:Gene	CALJACFG_04700	CALJACFG_1:397423-397779	CALJACFG_04700
faa/Prokka/GCA_000008085/GCA_000008085:Gene	rpoD	CALJACFG_1:399847-400530	CALJACFG_04740
faa/Prokka/GCA_000008085/GCA_000008085:Gene	CALJACFG_04750	CALJACFG_1:400523-401254	CALJACFG_04750
faa/Prokka/GCA_000008085/GCA_000008085:Gene	CALJACFG_04920	CALJACFG_1:c417693-417523	CALJACFG_04920
faa/Prokka/GCA_000008085/GCA_000008085:Gene	CALJACFG_04930	CALJACFG_1:c417884-417669	CALJACFG_04930
faa/Prokka/GCA_000008085/GCA_000008085:Gene	CALJACFG_04940	CALJACFG_1:c418539-418063	CALJACFG_04940
faa/Prokka/GCA_000008085/GCA_000008085:Gene	CALJACFG_04950	CALJACFG_1:c419146-418526	CALJACFG_04950
faa/Prokka/GCA_000008085/GCA_000008085:Gene	CALJACFG_04980	CALJACFG_1:c423477-422962	CALJACFG_04980
faa/Prokka/GCA_000008085/GCA_000008085:Gene	CALJACFG_04990	CALJACFG_1:c424315-423464	CALJACFG_04990
faa/Prokka/GCA_000008085/GCA_000008085:Gene	tfe	CALJACFG_1:428382-428801	CALJACFG_05050
faa/Prokka/GCA_000008085/GCA_000008085:Gene	CALJACFG_05060	CALJACFG_1:428798-429103	CALJACFG_05060
faa/Prokka/GCA_000008085/GCA_000008085:Gene	CALJACFG_05080	CALJACFG_1:c430123-429662	CALJACFG_05080
faa/Prokka/GCA_000008085/GCA_000008085:Gene	maX1	CALJACFG_1:c431049-430123	CALJACFG_05090
faa/Prokka/GCA_000008085/GCA_000008085:Gene	CALJACFG_05100	CALJACFG_1:c431488-431024	CALJACFG_05100
faa/Prokka/GCA_000008085/GCA_000008085:Gene	kae1	CALJACFG_1:c438387-437443	CALJACFG_05180
faa/Prokka/GCA_000008085/GCA_000008085:Gene	queE_2	CALJACFG_1:c439433-438384	CALJACFG_05190
faa/Prokka/GCA_000008085/GCA_000008085:Gene	CALJACFG_05260	CALJACFG_1:c445850-445365	CALJACFG_05260
faa/Prokka/GCA_000008085/GCA_000008085:Gene	CALJACFG_05270	CALJACFG_1:c446086-445826	CALJACFG_05270
faa/Prokka/GCA_000008085/GCA_000008085:Gene	rpoH	CALJACFG_1:c452545-452270	CALJACFG_05330
faa/Prokka/GCA_000008085/GCA_000008085:Gene	rps2	CALJACFG_1:c453147-452542	CALJACFG_05340
faa/Prokka/GCA_000008085/GCA_000008085:Gene	CALJACFG_05370	CALJACFG_1:c455634-455194	CALJACFG_05370
faa/Prokka/GCA_000008085/GCA_000008085:Gene	CALJACFG_05380	CALJACFG_1:c456742-455624	CALJACFG_05380
faa/Prokka/GCA_000008085/GCA_000008085:Gene	herA_1	CALJACFG_1:c457806-456757	CALJACFG_05390
faa/Prokka/GCA_000008085/GCA_000008085:Gene	gatC	CALJACFG_1:c458057-457803	CALJACFG_05400
faa/Prokka/GCA_000008085/GCA_000008085:Gene	CALJACFG_05460	CALJACFG_1:461181-461570	CALJACFG_05460
faa/Prokka/GCA_000008085/GCA_000008085:Gene	CALJACFG_05470	CALJACFG_1:461563-461751	CALJACFG_05470
faa/Prokka/GCA_000008085/GCA_000008085:Gene	CALJACFG_05480	CALJACFG_1:c461861-461748	CALJACFG_05480
faa/Prokka/GCA_000008085/GCA_000008085:Gene	psmA	CALJACFG_1:c462597-461845	CALJACFG_05490
faa/Prokka/GCA_000008085/GCA_000008085:Gene	CALJACFG_05530	CALJACFG_1:c466401-465721	CALJACFG_05530
faa/Prokka/GCA_000008085/GCA_000008085:Gene	CALJACFG_05540	CALJACFG_1:c467119-466382	CALJACFG_05540
faa/Prokka/GCA_000008085/GCA_000008085:Gene	herA_2	CALJACFG_1:c468585-467116	CALJACFG_05550
faa/Prokka/GCA_000008085/GCA_000008085:Gene	pol_2	CALJACFG_1:468614-469375	CALJACFG_05560
faa/Prokka/GCA_000008085/GCA_000008085:Gene	CALJACFG_05570	CALJACFG_1:469372-469773	CALJACFG_05570
faa/Prokka/GCA_000008085/GCA_000008085:Gene	CALJACFG_05600	CALJACFG_1:471450-471731	CALJACFG_05600
faa/Prokka/GCA_000008085/GCA_000008085:Gene	CALJACFG_05610	CALJACFG_1:471728-472072	CALJACFG_05610
faa/Prokka/GCA_000008085/GCA_000008085:Gene	CALJACFG_05620	CALJACFG_1:472048-472203	CALJACFG_05620
faa/Prokka/GCA_000008085/GCA_000008085:Gene	CALJACFG_05630	CALJACFG_1:472200-472427	CALJACFG_05630
faa/Prokka/GCA_000008085/GCA_000008085:Gene	aspS	CALJACFG_1:472991-474205	CALJACFG_05650
faa/Prokka/GCA_000008085/GCA_000008085:Gene	CALJACFG_05660	CALJACFG_1:474202-475200	CALJACFG_05660
faa/Prokka/GCA_000008085/GCA_000008085:Gene	CALJACFG_05670	CALJACFG_1:475197-476060	CALJACFG_05670
faa/Prokka/GCA_000008085/GCA_000008085:Gene	alaS_2	CALJACFG_1:c485503-484358	CALJACFG_05780
faa/Prokka/GCA_000008085/GCA_000008085:Gene	CALJACFG_05790	CALJACFG_1:c486290-485496	CALJACFG_05790

DiscRep_ALL:SUSPECT_PRODUCT_NAMES::1 product_names contain suspect phrase or characters
DiscRep_SUB:SUSPECT_PRODUCT_NAMES::May contain database identifier more appropriate in note; remove from product name
DiscRep_SUB:SUSPECT_PRODUCT_NAMES::1 features contains three or more numbers together that may be identifiers more appropriate in note
faa/Prokka/GCA_000008085/GCA_000008085:CDS	ATP-dependent DNA helicase Hel308	CALJACFG_1:883-2691	CALJACFG_00010

DiscRep_ALL:DISC_FLATFILE_FIND_ONCALLER::1 objects contain haem
faa/Prokka/GCA_000008085/GCA_000008085:CDS	Archaemetzincin	CALJACFG_1:399328-399840	CALJACFG_04730

DiscRep_ALL:DISC_QUALITY_SCORES::Quality scores are missing on all sequences.

DiscRep_ALL:DISC_BAD_BACTERIAL_GENE_NAME::1 bacterial genes do not start with lowercase letters
faa/Prokka/GCA_000008085/GCA_000008085:Gene	MCM	CALJACFG_1:c255448-253475	CALJACFG_02900

DiscRep_ALL:ONCALLER_COMMENT_PRESENT::1 comment descriptors were found (all same)
faa/Prokka/GCA_000008085/GCA_000008085:UU:CALJACFG_1:Annotated using prokka 1.14-dev from https://github.com/tseemann/prokka

DiscRep_ALL:SHORT_PROT_SEQUENCES::6 protein sequences are shorter than 50 aa.
faa/Prokka/GCA_000008085/GCA_000008085:UU:CALJACFG_01650 (length 47)
faa/Prokka/GCA_000008085/GCA_000008085:UU:CALJACFG_02320 (length 44)
faa/Prokka/GCA_000008085/GCA_000008085:UU:CALJACFG_03170 (length 43)
faa/Prokka/GCA_000008085/GCA_000008085:UU:CALJACFG_04150 (length 45)
faa/Prokka/GCA_000008085/GCA_000008085:UU:CALJACFG_04540 (length 46)
faa/Prokka/GCA_000008085/GCA_000008085:UU:CALJACFG_05480 (length 37)

DiscRep_ALL:MISSING_GENOMEASSEMBLY_COMMENTS::1 bioseqs are missing GenomeAssembly structured comments
faa/Prokka/GCA_000008085/GCA_000008085:UU:CALJACFG_1 (length 490885)

DiscRep_ALL:MOLTYPE_NOT_MRNA::1 molecule types are not set as mRNA.
faa/Prokka/GCA_000008085/GCA_000008085:UU:CALJACFG_1 (length 490885)

DiscRep_ALL:TECHNIQUE_NOT_TSA::1 technique are not set as TSA
faa/Prokka/GCA_000008085/GCA_000008085:UU:CALJACFG_1 (length 490885)

DiscRep_ALL:MISSING_STRUCTURED_COMMENT::1 sequences do not include structured comments.
faa/Prokka/GCA_000008085/GCA_000008085:UU:CALJACFG_1 (length 490885)

DiscRep_ALL:MISSING_PROJECT::581 sequences do not include project.
faa/Prokka/GCA_000008085/GCA_000008085:UU:CALJACFG_1 (length 490885)
faa/Prokka/GCA_000008085/GCA_000008085:UU:CALJACFG_00010 (length 602)
faa/Prokka/GCA_000008085/GCA_000008085:UU:CALJACFG_00020 (length 173)
faa/Prokka/GCA_000008085/GCA_000008085:UU:CALJACFG_00030 (length 152)
faa/Prokka/GCA_000008085/GCA_000008085:UU:CALJACFG_00040 (length 306)
faa/Prokka/GCA_000008085/GCA_000008085:UU:CALJACFG_00050 (length 136)
faa/Prokka/GCA_000008085/GCA_000008085:UU:CALJACFG_00060 (length 177)
faa/Prokka/GCA_000008085/GCA_000008085:UU:CALJACFG_00070 (length 56)
faa/Prokka/GCA_000008085/GCA_000008085:UU:CALJACFG_00080 (length 413)
faa/Prokka/GCA_000008085/GCA_000008085:UU:CALJACFG_00090 (length 98)
faa/Prokka/GCA_000008085/GCA_000008085:UU:CALJACFG_00100 (length 341)
faa/Prokka/GCA_000008085/GCA_000008085:UU:CALJACFG_00110 (length 109)
faa/Prokka/GCA_000008085/GCA_000008085:UU:CALJACFG_00120 (length 346)
faa/Prokka/GCA_000008085/GCA_000008085:UU:CALJACFG_00130 (length 346)
faa/Prokka/GCA_000008085/GCA_000008085:UU:CALJACFG_00140 (length 315)
faa/Prokka/GCA_000008085/GCA_000008085:UU:CALJACFG_00150 (length 352)
faa/Prokka/GCA_000008085/GCA_000008085:UU:CALJACFG_00160 (length 70)
faa/Prokka/GCA_000008085/GCA_000008085:UU:CALJACFG_00170 (length 85)
faa/Prokka/GCA_000008085/GCA_000008085:UU:CALJACFG_00180 (length 333)
faa/Prokka/GCA_000008085/GCA_000008085:UU:CALJACFG_00190 (length 425)
faa/Prokka/GCA_000008085/GCA_000008085:UU:CALJACFG_00200 (length 322)
faa/Prokka/GCA_000008085/GCA_000008085:UU:CALJACFG_00210 (length 234)
faa/Prokka/GCA_000008085/GCA_000008085:UU:CALJACFG_00220 (length 755)
faa/Prokka/GCA_000008085/GCA_000008085:UU:CALJACFG_00230 (length 168)
faa/Prokka/GCA_000008085/GCA_000008085:UU:CALJACFG_00240 (length 85)
faa/Prokka/GCA_000008085/GCA_000008085:UU:CALJACFG_00250 (length 297)
faa/Prokka/GCA_000008085/GCA_000008085:UU:CALJACFG_00260 (length 365)
faa/Prokka/GCA_000008085/GCA_000008085:UU:CALJACFG_00270 (length 257)
faa/Prokka/GCA_000008085/GCA_000008085:UU:CALJACFG_00280 (length 102)
faa/Prokka/GCA_000008085/GCA_000008085:UU:CALJACFG_00290 (length 314)
faa/Prokka/GCA_000008085/GCA_000008085:UU:CALJACFG_00300 (length 364)
faa/Prokka/GCA_000008085/GCA_000008085:UU:CALJACFG_00310 (length 171)
faa/Prokka/GCA_000008085/GCA_000008085:UU:CALJACFG_00320 (length 211)
faa/Prokka/GCA_000008085/GCA_000008085:UU:CALJACFG_00330 (length 170)
faa/Prokka/GCA_000008085/GCA_000008085:UU:CALJACFG_00340 (length 383)
faa/Prokka/GCA_000008085/GCA_000008085:UU:CALJACFG_00350 (length 595)
faa/Prokka/GCA_000008085/GCA_000008085:UU:CALJACFG_00360 (length 211)
faa/Prokka/GCA_000008085/GCA_000008085:UU:CALJACFG_00370 (length 466)
faa/Prokka/GCA_000008085/GCA_000008085:UU:CALJACFG_00380 (length 94)
faa/Prokka/GCA_000008085/GCA_000008085:UU:CALJACFG_00390 (length 86)
faa/Prokka/GCA_000008085/GCA_000008085:UU:CALJACFG_00400 (length 66)
faa/Prokka/GCA_000008085/GCA_000008085:UU:CALJACFG_00410 (length 217)
faa/Prokka/GCA_000008085/GCA_000008085:UU:CALJACFG_00420 (length 215)
faa/Prokka/GCA_000008085/GCA_000008085:UU:CALJACFG_00430 (length 275)
faa/Prokka/GCA_000008085/GCA_000008085:UU:CALJACFG_00440 (length 483)
faa/Prokka/GCA_000008085/GCA_000008085:UU:CALJACFG_00450 (length 84)
faa/Prokka/GCA_000008085/GCA_000008085:UU:CALJACFG_00460 (length 190)
faa/Prokka/GCA_000008085/GCA_000008085:UU:CALJACFG_00470 (length 408)
faa/Prokka/GCA_000008085/GCA_000008085:UU:CALJACFG_00480 (length 192)
faa/Prokka/GCA_000008085/GCA_000008085:UU:CALJACFG_00490 (length 265)
faa/Prokka/GCA_000008085/GCA_000008085:UU:CALJACFG_00500 (length 540)
faa/Prokka/GCA_000008085/GCA_000008085:UU:CALJACFG_00510 (length 230)
faa/Prokka/GCA_000008085/GCA_000008085:UU:CALJACFG_00520 (length 213)
faa/Prokka/GCA_000008085/GCA_000008085:UU:CALJACFG_00530 (length 358)
faa/Prokka/GCA_000008085/GCA_000008085:UU:CALJACFG_00540 (length 447)
faa/Prokka/GCA_000008085/GCA_000008085:UU:CALJACFG_00550 (length 136)
faa/Prokka/GCA_000008085/GCA_000008085:UU:CALJACFG_00560 (length 457)
faa/Prokka/GCA_000008085/GCA_000008085:UU:CALJACFG_00570 (length 344)
faa/Prokka/GCA_000008085/GCA_000008085:UU:CALJACFG_00580 (length 181)
faa/Prokka/GCA_000008085/GCA_000008085:UU:CALJACFG_00590 (length 143)
faa/Prokka/GCA_000008085/GCA_000008085:UU:CALJACFG_00600 (length 597)
faa/Prokka/GCA_000008085/GCA_000008085:UU:CALJACFG_00610 (length 179)
faa/Prokka/GCA_000008085/GCA_000008085:UU:CALJACFG_00620 (length 358)
faa/Prokka/GCA_000008085/GCA_000008085:UU:CALJACFG_00630 (length 288)
faa/Prokka/GCA_000008085/GCA_000008085:UU:CALJACFG_00640 (length 537)
faa/Prokka/GCA_000008085/GCA_000008085:UU:CALJACFG_00650 (length 200)
faa/Prokka/GCA_000008085/GCA_000008085:UU:CALJACFG_00660 (length 316)
faa/Prokka/GCA_000008085/GCA_000008085:UU:CALJACFG_00670 (length 78)
faa/Prokka/GCA_000008085/GCA_000008085:UU:CALJACFG_00680 (length 71)
faa/Prokka/GCA_000008085/GCA_000008085:UU:CALJACFG_00690 (length 206)
faa/Prokka/GCA_000008085/GCA_000008085:UU:CALJACFG_00700 (length 251)
faa/Prokka/GCA_000008085/GCA_000008085:UU:CALJACFG_00710 (length 669)
faa/Prokka/GCA_000008085/GCA_000008085:UU:CALJACFG_00720 (length 130)
faa/Prokka/GCA_000008085/GCA_000008085:UU:CALJACFG_00730 (length 265)
faa/Prokka/GCA_000008085/GCA_000008085:UU:CALJACFG_00740 (length 226)
faa/Prokka/GCA_000008085/GCA_000008085:UU:CALJACFG_00750 (length 167)
faa/Prokka/GCA_000008085/GCA_000008085:UU:CALJACFG_00760 (length 189)
faa/Prokka/GCA_000008085/GCA_000008085:UU:CALJACFG_00770 (length 54)
faa/Prokka/GCA_000008085/GCA_000008085:UU:CALJACFG_00780 (length 192)
faa/Prokka/GCA_000008085/GCA_000008085:UU:CALJACFG_00790 (length 195)
faa/Prokka/GCA_000008085/GCA_000008085:UU:CALJACFG_00800 (length 615)
faa/Prokka/GCA_000008085/GCA_000008085:UU:CALJACFG_00810 (length 404)
faa/Prokka/GCA_000008085/GCA_000008085:UU:CALJACFG_00820 (length 269)
faa/Prokka/GCA_000008085/GCA_000008085:UU:CALJACFG_00830 (length 477)
faa/Prokka/GCA_000008085/GCA_000008085:UU:CALJACFG_00840 (length 84)
faa/Prokka/GCA_000008085/GCA_000008085:UU:CALJACFG_00850 (length 313)
faa/Prokka/GCA_000008085/GCA_000008085:UU:CALJACFG_00860 (length 402)
faa/Prokka/GCA_000008085/GCA_000008085:UU:CALJACFG_00870 (length 200)
faa/Prokka/GCA_000008085/GCA_000008085:UU:CALJACFG_00880 (length 433)
faa/Prokka/GCA_000008085/GCA_000008085:UU:CALJACFG_00890 (length 109)
faa/Prokka/GCA_000008085/GCA_000008085:UU:CALJACFG_00900 (length 352)
faa/Prokka/GCA_000008085/GCA_000008085:UU:CALJACFG_00910 (length 175)
faa/Prokka/GCA_000008085/GCA_000008085:UU:CALJACFG_00920 (length 497)
faa/Prokka/GCA_000008085/GCA_000008085:UU:CALJACFG_00930 (length 339)
faa/Prokka/GCA_000008085/GCA_000008085:UU:CALJACFG_00940 (length 595)
faa/Prokka/GCA_000008085/GCA_000008085:UU:CALJACFG_00950 (length 230)
faa/Prokka/GCA_000008085/GCA_000008085:UU:CALJACFG_00960 (length 393)
faa/Prokka/GCA_000008085/GCA_000008085:UU:CALJACFG_00970 (length 284)
faa/Prokka/GCA_000008085/GCA_000008085:UU:CALJACFG_00980 (length 133)
faa/Prokka/GCA_000008085/GCA_000008085:UU:CALJACFG_00990 (length 88)
faa/Prokka/GCA_000008085/GCA_000008085:UU:CALJACFG_01000 (length 206)
faa/Prokka/GCA_000008085/GCA_000008085:UU:CALJACFG_01010 (length 169)
faa/Prokka/GCA_000008085/GCA_000008085:UU:CALJACFG_01020 (length 185)
faa/Prokka/GCA_000008085/GCA_000008085:UU:CALJACFG_01030 (length 276)
faa/Prokka/GCA_000008085/GCA_000008085:UU:CALJACFG_01040 (length 217)
faa/Prokka/GCA_000008085/GCA_000008085:UU:CALJACFG_01050 (length 276)
faa/Prokka/GCA_000008085/GCA_000008085:UU:CALJACFG_01060 (length 258)
faa/Prokka/GCA_000008085/GCA_000008085:UU:CALJACFG_01070 (length 304)
faa/Prokka/GCA_000008085/GCA_000008085:UU:CALJACFG_01080 (length 160)
faa/Prokka/GCA_000008085/GCA_000008085:UU:CALJACFG_01090 (length 570)
faa/Prokka/GCA_000008085/GCA_000008085:UU:CALJACFG_01100 (length 404)
faa/Prokka/GCA_000008085/GCA_000008085:UU:CALJACFG_01110 (length 326)
faa/Prokka/GCA_000008085/GCA_000008085:UU:CALJACFG_01120 (length 126)
faa/Prokka/GCA_000008085/GCA_000008085:UU:CALJACFG_01130 (length 370)
faa/Prokka/GCA_000008085/GCA_000008085:UU:CALJACFG_01140 (length 305)
faa/Prokka/GCA_000008085/GCA_000008085:UU:CALJACFG_01150 (length 352)
faa/Prokka/GCA_000008085/GCA_000008085:UU:CALJACFG_01160 (length 420)
faa/Prokka/GCA_000008085/GCA_000008085:UU:CALJACFG_01170 (length 218)
faa/Prokka/GCA_000008085/GCA_000008085:UU:CALJACFG_01180 (length 327)
faa/Prokka/GCA_000008085/GCA_000008085:UU:CALJACFG_01190 (length 146)
faa/Prokka/GCA_000008085/GCA_000008085:UU:CALJACFG_01200 (length 348)
faa/Prokka/GCA_000008085/GCA_000008085:UU:CALJACFG_01210 (length 377)
faa/Prokka/GCA_000008085/GCA_000008085:UU:CALJACFG_01220 (length 99)
faa/Prokka/GCA_000008085/GCA_000008085:UU:CALJACFG_01230 (length 337)
faa/Prokka/GCA_000008085/GCA_000008085:UU:CALJACFG_01240 (length 152)
faa/Prokka/GCA_000008085/GCA_000008085:UU:CALJACFG_01250 (length 244)
faa/Prokka/GCA_000008085/GCA_000008085:UU:CALJACFG_01260 (length 249)
faa/Prokka/GCA_000008085/GCA_000008085:UU:CALJACFG_01270 (length 121)
faa/Prokka/GCA_000008085/GCA_000008085:UU:CALJACFG_01280 (length 166)
faa/Prokka/GCA_000008085/GCA_000008085:UU:CALJACFG_01290 (length 253)
faa/Prokka/GCA_000008085/GCA_000008085:UU:CALJACFG_01300 (length 410)
faa/Prokka/GCA_000008085/GCA_000008085:UU:CALJACFG_01310 (length 232)
faa/Prokka/GCA_000008085/GCA_000008085:UU:CALJACFG_01320 (length 392)
faa/Prokka/GCA_000008085/GCA_000008085:UU:CALJACFG_01330 (length 127)
faa/Prokka/GCA_000008085/GCA_000008085:UU:CALJACFG_01340 (length 633)
faa/Prokka/GCA_000008085/GCA_000008085:UU:CALJACFG_01350 (length 340)
faa/Prokka/GCA_000008085/GCA_000008085:UU:CALJACFG_01360 (length 109)
faa/Prokka/GCA_000008085/GCA_000008085:UU:CALJACFG_01370 (length 290)
faa/Prokka/GCA_000008085/GCA_000008085:UU:CALJACFG_01380 (length 185)
faa/Prokka/GCA_000008085/GCA_000008085:UU:CALJACFG_01390 (length 355)
faa/Prokka/GCA_000008085/GCA_000008085:UU:CALJACFG_01400 (length 186)
faa/Prokka/GCA_000008085/GCA_000008085:UU:CALJACFG_01410 (length 286)
faa/Prokka/GCA_000008085/GCA_000008085:UU:CALJACFG_01420 (length 496)
faa/Prokka/GCA_000008085/GCA_000008085:UU:CALJACFG_01430 (length 250)
faa/Prokka/GCA_000008085/GCA_000008085:UU:CALJACFG_01440 (length 569)
faa/Prokka/GCA_000008085/GCA_000008085:UU:CALJACFG_01450 (length 365)
faa/Prokka/GCA_000008085/GCA_000008085:UU:CALJACFG_01460 (length 232)
faa/Prokka/GCA_000008085/GCA_000008085:UU:CALJACFG_01470 (length 292)
faa/Prokka/GCA_000008085/GCA_000008085:UU:CALJACFG_01480 (length 540)
faa/Prokka/GCA_000008085/GCA_000008085:UU:CALJACFG_01490 (length 567)
faa/Prokka/GCA_000008085/GCA_000008085:UU:CALJACFG_01500 (length 148)
faa/Prokka/GCA_000008085/GCA_000008085:UU:CALJACFG_01510 (length 268)
faa/Prokka/GCA_000008085/GCA_000008085:UU:CALJACFG_01520 (length 217)
faa/Prokka/GCA_000008085/GCA_000008085:UU:CALJACFG_01530 (length 126)
faa/Prokka/GCA_000008085/GCA_000008085:UU:CALJACFG_01540 (length 444)
faa/Prokka/GCA_000008085/GCA_000008085:UU:CALJACFG_01550 (length 97)
faa/Prokka/GCA_000008085/GCA_000008085:UU:CALJACFG_01560 (length 180)
faa/Prokka/GCA_000008085/GCA_000008085:UU:CALJACFG_01570 (length 99)
faa/Prokka/GCA_000008085/GCA_000008085:UU:CALJACFG_01580 (length 392)
faa/Prokka/GCA_000008085/GCA_000008085:UU:CALJACFG_01590 (length 93)
faa/Prokka/GCA_000008085/GCA_000008085:UU:CALJACFG_01600 (length 120)
faa/Prokka/GCA_000008085/GCA_000008085:UU:CALJACFG_01610 (length 961)
faa/Prokka/GCA_000008085/GCA_000008085:UU:CALJACFG_01620 (length 603)
faa/Prokka/GCA_000008085/GCA_000008085:UU:CALJACFG_01630 (length 319)
faa/Prokka/GCA_000008085/GCA_000008085:UU:CALJACFG_01640 (length 193)
faa/Prokka/GCA_000008085/GCA_000008085:UU:CALJACFG_01650 (length 47)
faa/Prokka/GCA_000008085/GCA_000008085:UU:CALJACFG_01660 (length 179)
faa/Prokka/GCA_000008085/GCA_000008085:UU:CALJACFG_01670 (length 323)
faa/Prokka/GCA_000008085/GCA_000008085:UU:CALJACFG_01680 (length 327)
faa/Prokka/GCA_000008085/GCA_000008085:UU:CALJACFG_01690 (length 55)
faa/Prokka/GCA_000008085/GCA_000008085:UU:CALJACFG_01700 (length 101)
faa/Prokka/GCA_000008085/GCA_000008085:UU:CALJACFG_01710 (length 291)
faa/Prokka/GCA_000008085/GCA_000008085:UU:CALJACFG_01720 (length 67)
faa/Prokka/GCA_000008085/GCA_000008085:UU:CALJACFG_01730 (length 173)
faa/Prokka/GCA_000008085/GCA_000008085:UU:CALJACFG_01740 (length 198)
faa/Prokka/GCA_000008085/GCA_000008085:UU:CALJACFG_01750 (length 476)
faa/Prokka/GCA_000008085/GCA_000008085:UU:CALJACFG_01760 (length 322)
faa/Prokka/GCA_000008085/GCA_000008085:UU:CALJACFG_01770 (length 618)
faa/Prokka/GCA_000008085/GCA_000008085:UU:CALJACFG_01780 (length 348)
faa/Prokka/GCA_000008085/GCA_000008085:UU:CALJACFG_01790 (length 268)
faa/Prokka/GCA_000008085/GCA_000008085:UU:CALJACFG_01800 (length 489)
faa/Prokka/GCA_000008085/GCA_000008085:UU:CALJACFG_01810 (length 381)
faa/Prokka/GCA_000008085/GCA_000008085:UU:CALJACFG_01820 (length 256)
faa/Prokka/GCA_000008085/GCA_000008085:UU:CALJACFG_01830 (length 61)
faa/Prokka/GCA_000008085/GCA_000008085:UU:CALJACFG_01840 (length 633)
faa/Prokka/GCA_000008085/GCA_000008085:UU:CALJACFG_01850 (length 114)
faa/Prokka/GCA_000008085/GCA_000008085:UU:CALJACFG_01860 (length 86)
faa/Prokka/GCA_000008085/GCA_000008085:UU:CALJACFG_01870 (length 136)
faa/Prokka/GCA_000008085/GCA_000008085:UU:CALJACFG_01880 (length 96)
faa/Prokka/GCA_000008085/GCA_000008085:UU:CALJACFG_01890 (length 190)
faa/Prokka/GCA_000008085/GCA_000008085:UU:CALJACFG_01900 (length 108)
faa/Prokka/GCA_000008085/GCA_000008085:UU:CALJACFG_01910 (length 198)
faa/Prokka/GCA_000008085/GCA_000008085:UU:CALJACFG_01920 (length 449)
faa/Prokka/GCA_000008085/GCA_000008085:UU:CALJACFG_01930 (length 369)
faa/Prokka/GCA_000008085/GCA_000008085:UU:CALJACFG_01940 (length 106)
faa/Prokka/GCA_000008085/GCA_000008085:UU:CALJACFG_01950 (length 159)
faa/Prokka/GCA_000008085/GCA_000008085:UU:CALJACFG_01960 (length 292)
faa/Prokka/GCA_000008085/GCA_000008085:UU:CALJACFG_01970 (length 354)
faa/Prokka/GCA_000008085/GCA_000008085:UU:CALJACFG_01980 (length 222)
faa/Prokka/GCA_000008085/GCA_000008085:UU:CALJACFG_01990 (length 136)
faa/Prokka/GCA_000008085/GCA_000008085:UU:CALJACFG_02000 (length 591)
faa/Prokka/GCA_000008085/GCA_000008085:UU:CALJACFG_02010 (length 388)
faa/Prokka/GCA_000008085/GCA_000008085:UU:CALJACFG_02020 (length 101)
faa/Prokka/GCA_000008085/GCA_000008085:UU:CALJACFG_02030 (length 136)
faa/Prokka/GCA_000008085/GCA_000008085:UU:CALJACFG_02040 (length 337)
faa/Prokka/GCA_000008085/GCA_000008085:UU:CALJACFG_02050 (length 336)
faa/Prokka/GCA_000008085/GCA_000008085:UU:CALJACFG_02060 (length 243)
faa/Prokka/GCA_000008085/GCA_000008085:UU:CALJACFG_02070 (length 180)
faa/Prokka/GCA_000008085/GCA_000008085:UU:CALJACFG_02080 (length 102)
faa/Prokka/GCA_000008085/GCA_000008085:UU:CALJACFG_02090 (length 174)
faa/Prokka/GCA_000008085/GCA_000008085:UU:CALJACFG_02100 (length 196)
faa/Prokka/GCA_000008085/GCA_000008085:UU:CALJACFG_02110 (length 154)
faa/Prokka/GCA_000008085/GCA_000008085:UU:CALJACFG_02120 (length 70)
faa/Prokka/GCA_000008085/GCA_000008085:UU:CALJACFG_02130 (length 142)
faa/Prokka/GCA_000008085/GCA_000008085:UU:CALJACFG_02140 (length 537)
faa/Prokka/GCA_000008085/GCA_000008085:UU:CALJACFG_02150 (length 162)
faa/Prokka/GCA_000008085/GCA_000008085:UU:CALJACFG_02160 (length 711)
faa/Prokka/GCA_000008085/GCA_000008085:UU:CALJACFG_02170 (length 537)
faa/Prokka/GCA_000008085/GCA_000008085:UU:CALJACFG_02180 (length 138)
faa/Prokka/GCA_000008085/GCA_000008085:UU:CALJACFG_02190 (length 499)
faa/Prokka/GCA_000008085/GCA_000008085:UU:CALJACFG_02200 (length 188)
faa/Prokka/GCA_000008085/GCA_000008085:UU:CALJACFG_02210 (length 87)
faa/Prokka/GCA_000008085/GCA_000008085:UU:CALJACFG_02220 (length 401)
faa/Prokka/GCA_000008085/GCA_000008085:UU:CALJACFG_02230 (length 224)
faa/Prokka/GCA_000008085/GCA_000008085:UU:CALJACFG_02240 (length 90)
faa/Prokka/GCA_000008085/GCA_000008085:UU:CALJACFG_02250 (length 69)
faa/Prokka/GCA_000008085/GCA_000008085:UU:CALJACFG_02260 (length 166)
faa/Prokka/GCA_000008085/GCA_000008085:UU:CALJACFG_02270 (length 65)
faa/Prokka/GCA_000008085/GCA_000008085:UU:CALJACFG_02280 (length 88)
faa/Prokka/GCA_000008085/GCA_000008085:UU:CALJACFG_02290 (length 98)
faa/Prokka/GCA_000008085/GCA_000008085:UU:CALJACFG_02300 (length 668)
faa/Prokka/GCA_000008085/GCA_000008085:UU:CALJACFG_02310 (length 249)
faa/Prokka/GCA_000008085/GCA_000008085:UU:CALJACFG_02320 (length 44)
faa/Prokka/GCA_000008085/GCA_000008085:UU:CALJACFG_02330 (length 137)
faa/Prokka/GCA_000008085/GCA_000008085:UU:CALJACFG_02340 (length 262)
faa/Prokka/GCA_000008085/GCA_000008085:UU:CALJACFG_02350 (length 296)
faa/Prokka/GCA_000008085/GCA_000008085:UU:CALJACFG_02360 (length 77)
faa/Prokka/GCA_000008085/GCA_000008085:UU:CALJACFG_02370 (length 138)
faa/Prokka/GCA_000008085/GCA_000008085:UU:CALJACFG_02380 (length 297)
faa/Prokka/GCA_000008085/GCA_000008085:UU:CALJACFG_02390 (length 1016)
faa/Prokka/GCA_000008085/GCA_000008085:UU:CALJACFG_02400 (length 65)
faa/Prokka/GCA_000008085/GCA_000008085:UU:CALJACFG_02410 (length 174)
faa/Prokka/GCA_000008085/GCA_000008085:UU:CALJACFG_02420 (length 301)
faa/Prokka/GCA_000008085/GCA_000008085:UU:CALJACFG_02430 (length 300)
faa/Prokka/GCA_000008085/GCA_000008085:UU:CALJACFG_02440 (length 237)
faa/Prokka/GCA_000008085/GCA_000008085:UU:CALJACFG_02450 (length 336)
faa/Prokka/GCA_000008085/GCA_000008085:UU:CALJACFG_02460 (length 195)
faa/Prokka/GCA_000008085/GCA_000008085:UU:CALJACFG_02470 (length 175)
faa/Prokka/GCA_000008085/GCA_000008085:UU:CALJACFG_02480 (length 977)
faa/Prokka/GCA_000008085/GCA_000008085:UU:CALJACFG_02490 (length 526)
faa/Prokka/GCA_000008085/GCA_000008085:UU:CALJACFG_02500 (length 192)
faa/Prokka/GCA_000008085/GCA_000008085:UU:CALJACFG_02510 (length 198)
faa/Prokka/GCA_000008085/GCA_000008085:UU:CALJACFG_02520 (length 220)
faa/Prokka/GCA_000008085/GCA_000008085:UU:CALJACFG_02530 (length 270)
faa/Prokka/GCA_000008085/GCA_000008085:UU:CALJACFG_02540 (length 115)
faa/Prokka/GCA_000008085/GCA_000008085:UU:CALJACFG_02550 (length 216)
faa/Prokka/GCA_000008085/GCA_000008085:UU:CALJACFG_02560 (length 180)
faa/Prokka/GCA_000008085/GCA_000008085:UU:CALJACFG_02570 (length 233)
faa/Prokka/GCA_000008085/GCA_000008085:UU:CALJACFG_02580 (length 217)
faa/Prokka/GCA_000008085/GCA_000008085:UU:CALJACFG_02590 (length 170)
faa/Prokka/GCA_000008085/GCA_000008085:UU:CALJACFG_02600 (length 751)
faa/Prokka/GCA_000008085/GCA_000008085:UU:CALJACFG_02610 (length 329)
faa/Prokka/GCA_000008085/GCA_000008085:UU:CALJACFG_02620 (length 154)
faa/Prokka/GCA_000008085/GCA_000008085:UU:CALJACFG_02630 (length 786)
faa/Prokka/GCA_000008085/GCA_000008085:UU:CALJACFG_02640 (length 182)
faa/Prokka/GCA_000008085/GCA_000008085:UU:CALJACFG_02650 (length 140)
faa/Prokka/GCA_000008085/GCA_000008085:UU:CALJACFG_02660 (length 83)
faa/Prokka/GCA_000008085/GCA_000008085:UU:CALJACFG_02670 (length 68)
faa/Prokka/GCA_000008085/GCA_000008085:UU:CALJACFG_02680 (length 686)
faa/Prokka/GCA_000008085/GCA_000008085:UU:CALJACFG_02690 (length 153)
faa/Prokka/GCA_000008085/GCA_000008085:UU:CALJACFG_02700 (length 129)
faa/Prokka/GCA_000008085/GCA_000008085:UU:CALJACFG_02710 (length 63)
faa/Prokka/GCA_000008085/GCA_000008085:UU:CALJACFG_02720 (length 105)
faa/Prokka/GCA_000008085/GCA_000008085:UU:CALJACFG_02730 (length 416)
faa/Prokka/GCA_000008085/GCA_000008085:UU:CALJACFG_02740 (length 2197)
faa/Prokka/GCA_000008085/GCA_000008085:UU:CALJACFG_02750 (length 195)
faa/Prokka/GCA_000008085/GCA_000008085:UU:CALJACFG_02760 (length 346)
faa/Prokka/GCA_000008085/GCA_000008085:UU:CALJACFG_02770 (length 293)
faa/Prokka/GCA_000008085/GCA_000008085:UU:CALJACFG_02780 (length 396)
faa/Prokka/GCA_000008085/GCA_000008085:UU:CALJACFG_02790 (length 367)
faa/Prokka/GCA_000008085/GCA_000008085:UU:CALJACFG_02800 (length 180)
faa/Prokka/GCA_000008085/GCA_000008085:UU:CALJACFG_02810 (length 374)
faa/Prokka/GCA_000008085/GCA_000008085:UU:CALJACFG_02820 (length 129)
faa/Prokka/GCA_000008085/GCA_000008085:UU:CALJACFG_02830 (length 315)
faa/Prokka/GCA_000008085/GCA_000008085:UU:CALJACFG_02840 (length 72)
faa/Prokka/GCA_000008085/GCA_000008085:UU:CALJACFG_02850 (length 125)
faa/Prokka/GCA_000008085/GCA_000008085:UU:CALJACFG_02860 (length 279)
faa/Prokka/GCA_000008085/GCA_000008085:UU:CALJACFG_02870 (length 164)
faa/Prokka/GCA_000008085/GCA_000008085:UU:CALJACFG_02880 (length 475)
faa/Prokka/GCA_000008085/GCA_000008085:UU:CALJACFG_02890 (length 232)
faa/Prokka/GCA_000008085/GCA_000008085:UU:CALJACFG_02900 (length 657)
faa/Prokka/GCA_000008085/GCA_000008085:UU:CALJACFG_02910 (length 268)
faa/Prokka/GCA_000008085/GCA_000008085:UU:CALJACFG_02920 (length 170)
faa/Prokka/GCA_000008085/GCA_000008085:UU:CALJACFG_02930 (length 68)
faa/Prokka/GCA_000008085/GCA_000008085:UU:CALJACFG_02940 (length 606)
faa/Prokka/GCA_000008085/GCA_000008085:UU:CALJACFG_02950 (length 85)
faa/Prokka/GCA_000008085/GCA_000008085:UU:CALJACFG_02960 (length 130)
faa/Prokka/GCA_000008085/GCA_000008085:UU:CALJACFG_02970 (length 114)
faa/Prokka/GCA_000008085/GCA_000008085:UU:CALJACFG_02980 (length 82)
faa/Prokka/GCA_000008085/GCA_000008085:UU:CALJACFG_02990 (length 68)
faa/Prokka/GCA_000008085/GCA_000008085:UU:CALJACFG_03000 (length 95)
faa/Prokka/GCA_000008085/GCA_000008085:UU:CALJACFG_03010 (length 119)
faa/Prokka/GCA_000008085/GCA_000008085:UU:CALJACFG_03020 (length 1390)
faa/Prokka/GCA_000008085/GCA_000008085:UU:CALJACFG_03030 (length 75)
faa/Prokka/GCA_000008085/GCA_000008085:UU:CALJACFG_03040 (length 374)
faa/Prokka/GCA_000008085/GCA_000008085:UU:CALJACFG_03050 (length 61)
faa/Prokka/GCA_000008085/GCA_000008085:UU:CALJACFG_03060 (length 376)
faa/Prokka/GCA_000008085/GCA_000008085:UU:CALJACFG_03070 (length 290)
faa/Prokka/GCA_000008085/GCA_000008085:UU:CALJACFG_03080 (length 83)
faa/Prokka/GCA_000008085/GCA_000008085:UU:CALJACFG_03090 (length 152)
faa/Prokka/GCA_000008085/GCA_000008085:UU:CALJACFG_03100 (length 229)
faa/Prokka/GCA_000008085/GCA_000008085:UU:CALJACFG_03110 (length 571)
faa/Prokka/GCA_000008085/GCA_000008085:UU:CALJACFG_03120 (length 941)
faa/Prokka/GCA_000008085/GCA_000008085:UU:CALJACFG_03130 (length 95)
faa/Prokka/GCA_000008085/GCA_000008085:UU:CALJACFG_03140 (length 562)
faa/Prokka/GCA_000008085/GCA_000008085:UU:CALJACFG_03150 (length 85)
faa/Prokka/GCA_000008085/GCA_000008085:UU:CALJACFG_03160 (length 65)
faa/Prokka/GCA_000008085/GCA_000008085:UU:CALJACFG_03170 (length 43)
faa/Prokka/GCA_000008085/GCA_000008085:UU:CALJACFG_03180 (length 147)
faa/Prokka/GCA_000008085/GCA_000008085:UU:CALJACFG_03190 (length 222)
faa/Prokka/GCA_000008085/GCA_000008085:UU:CALJACFG_03200 (length 175)
faa/Prokka/GCA_000008085/GCA_000008085:UU:CALJACFG_03210 (length 137)
faa/Prokka/GCA_000008085/GCA_000008085:UU:CALJACFG_03220 (length 484)
faa/Prokka/GCA_000008085/GCA_000008085:UU:CALJACFG_03230 (length 142)
faa/Prokka/GCA_000008085/GCA_000008085:UU:CALJACFG_03240 (length 161)
faa/Prokka/GCA_000008085/GCA_000008085:UU:CALJACFG_03250 (length 155)
faa/Prokka/GCA_000008085/GCA_000008085:UU:CALJACFG_03260 (length 82)
faa/Prokka/GCA_000008085/GCA_000008085:UU:CALJACFG_03270 (length 126)
faa/Prokka/GCA_000008085/GCA_000008085:UU:CALJACFG_03280 (length 198)
faa/Prokka/GCA_000008085/GCA_000008085:UU:CALJACFG_03290 (length 256)
faa/Prokka/GCA_000008085/GCA_000008085:UU:CALJACFG_03300 (length 138)
faa/Prokka/GCA_000008085/GCA_000008085:UU:CALJACFG_03310 (length 701)
faa/Prokka/GCA_000008085/GCA_000008085:UU:CALJACFG_03320 (length 125)
faa/Prokka/GCA_000008085/GCA_000008085:UU:CALJACFG_03330 (length 146)
faa/Prokka/GCA_000008085/GCA_000008085:UU:CALJACFG_03340 (length 72)
faa/Prokka/GCA_000008085/GCA_000008085:UU:CALJACFG_03350 (length 75)
faa/Prokka/GCA_000008085/GCA_000008085:UU:CALJACFG_03360 (length 172)
faa/Prokka/GCA_000008085/GCA_000008085:UU:CALJACFG_03370 (length 139)
faa/Prokka/GCA_000008085/GCA_000008085:UU:CALJACFG_03380 (length 209)
faa/Prokka/GCA_000008085/GCA_000008085:UU:CALJACFG_03390 (length 113)
faa/Prokka/GCA_000008085/GCA_000008085:UU:CALJACFG_03400 (length 78)
faa/Prokka/GCA_000008085/GCA_000008085:UU:CALJACFG_03410 (length 154)
faa/Prokka/GCA_000008085/GCA_000008085:UU:CALJACFG_03420 (length 165)
faa/Prokka/GCA_000008085/GCA_000008085:UU:CALJACFG_03430 (length 313)
faa/Prokka/GCA_000008085/GCA_000008085:UU:CALJACFG_03440 (length 79)
faa/Prokka/GCA_000008085/GCA_000008085:UU:CALJACFG_03450 (length 89)
faa/Prokka/GCA_000008085/GCA_000008085:UU:CALJACFG_03460 (length 280)
faa/Prokka/GCA_000008085/GCA_000008085:UU:CALJACFG_03470 (length 172)
faa/Prokka/GCA_000008085/GCA_000008085:UU:CALJACFG_03480 (length 209)
faa/Prokka/GCA_000008085/GCA_000008085:UU:CALJACFG_03490 (length 181)
faa/Prokka/GCA_000008085/GCA_000008085:UU:CALJACFG_03500 (length 274)
faa/Prokka/GCA_000008085/GCA_000008085:UU:CALJACFG_03510 (length 65)
faa/Prokka/GCA_000008085/GCA_000008085:UU:CALJACFG_03520 (length 186)
faa/Prokka/GCA_000008085/GCA_000008085:UU:CALJACFG_03530 (length 50)
faa/Prokka/GCA_000008085/GCA_000008085:UU:CALJACFG_03540 (length 189)
faa/Prokka/GCA_000008085/GCA_000008085:UU:CALJACFG_03550 (length 157)
faa/Prokka/GCA_000008085/GCA_000008085:UU:CALJACFG_03560 (length 371)
faa/Prokka/GCA_000008085/GCA_000008085:UU:CALJACFG_03570 (length 341)
faa/Prokka/GCA_000008085/GCA_000008085:UU:CALJACFG_03580 (length 136)
faa/Prokka/GCA_000008085/GCA_000008085:UU:CALJACFG_03590 (length 172)
faa/Prokka/GCA_000008085/GCA_000008085:UU:CALJACFG_03600 (length 636)
faa/Prokka/GCA_000008085/GCA_000008085:UU:CALJACFG_03610 (length 299)
faa/Prokka/GCA_000008085/GCA_000008085:UU:CALJACFG_03620 (length 78)
faa/Prokka/GCA_000008085/GCA_000008085:UU:CALJACFG_03630 (length 266)
faa/Prokka/GCA_000008085/GCA_000008085:UU:CALJACFG_03640 (length 75)
faa/Prokka/GCA_000008085/GCA_000008085:UU:CALJACFG_03650 (length 598)
faa/Prokka/GCA_000008085/GCA_000008085:UU:CALJACFG_03660 (length 103)
faa/Prokka/GCA_000008085/GCA_000008085:UU:CALJACFG_03670 (length 92)
faa/Prokka/GCA_000008085/GCA_000008085:UU:CALJACFG_03680 (length 209)
faa/Prokka/GCA_000008085/GCA_000008085:UU:CALJACFG_03690 (length 594)
faa/Prokka/GCA_000008085/GCA_000008085:UU:CALJACFG_03700 (length 81)
faa/Prokka/GCA_000008085/GCA_000008085:UU:CALJACFG_03710 (length 139)
faa/Prokka/GCA_000008085/GCA_000008085:UU:CALJACFG_03720 (length 91)
faa/Prokka/GCA_000008085/GCA_000008085:UU:CALJACFG_03730 (length 220)
faa/Prokka/GCA_000008085/GCA_000008085:UU:CALJACFG_03740 (length 144)
faa/Prokka/GCA_000008085/GCA_000008085:UU:CALJACFG_03750 (length 88)
faa/Prokka/GCA_000008085/GCA_000008085:UU:CALJACFG_03760 (length 238)
faa/Prokka/GCA_000008085/GCA_000008085:UU:CALJACFG_03770 (length 430)
faa/Prokka/GCA_000008085/GCA_000008085:UU:CALJACFG_03780 (length 256)
faa/Prokka/GCA_000008085/GCA_000008085:UU:CALJACFG_03790 (length 90)
faa/Prokka/GCA_000008085/GCA_000008085:UU:CALJACFG_03800 (length 79)
faa/Prokka/GCA_000008085/GCA_000008085:UU:CALJACFG_03810 (length 390)
faa/Prokka/GCA_000008085/GCA_000008085:UU:CALJACFG_03820 (length 228)
faa/Prokka/GCA_000008085/GCA_000008085:UU:CALJACFG_03830 (length 195)
faa/Prokka/GCA_000008085/GCA_000008085:UU:CALJACFG_03840 (length 293)
faa/Prokka/GCA_000008085/GCA_000008085:UU:CALJACFG_03850 (length 540)
faa/Prokka/GCA_000008085/GCA_000008085:UU:CALJACFG_03860 (length 181)
faa/Prokka/GCA_000008085/GCA_000008085:UU:CALJACFG_03870 (length 198)
faa/Prokka/GCA_000008085/GCA_000008085:UU:CALJACFG_03880 (length 279)
faa/Prokka/GCA_000008085/GCA_000008085:UU:CALJACFG_03890 (length 75)
faa/Prokka/GCA_000008085/GCA_000008085:UU:CALJACFG_03900 (length 198)
faa/Prokka/GCA_000008085/GCA_000008085:UU:CALJACFG_03910 (length 54)
faa/Prokka/GCA_000008085/GCA_000008085:UU:CALJACFG_03920 (length 175)
faa/Prokka/GCA_000008085/GCA_000008085:UU:CALJACFG_03930 (length 106)
faa/Prokka/GCA_000008085/GCA_000008085:UU:CALJACFG_03940 (length 96)
faa/Prokka/GCA_000008085/GCA_000008085:UU:CALJACFG_03950 (length 215)
faa/Prokka/GCA_000008085/GCA_000008085:UU:CALJACFG_03960 (length 147)
faa/Prokka/GCA_000008085/GCA_000008085:UU:CALJACFG_03970 (length 505)
faa/Prokka/GCA_000008085/GCA_000008085:UU:CALJACFG_03980 (length 245)
faa/Prokka/GCA_000008085/GCA_000008085:UU:CALJACFG_03990 (length 361)
faa/Prokka/GCA_000008085/GCA_000008085:UU:CALJACFG_04000 (length 327)
faa/Prokka/GCA_000008085/GCA_000008085:UU:CALJACFG_04010 (length 232)
faa/Prokka/GCA_000008085/GCA_000008085:UU:CALJACFG_04020 (length 118)
faa/Prokka/GCA_000008085/GCA_000008085:UU:CALJACFG_04030 (length 121)
faa/Prokka/GCA_000008085/GCA_000008085:UU:CALJACFG_04040 (length 667)
faa/Prokka/GCA_000008085/GCA_000008085:UU:CALJACFG_04050 (length 231)
faa/Prokka/GCA_000008085/GCA_000008085:UU:CALJACFG_04060 (length 376)
faa/Prokka/GCA_000008085/GCA_000008085:UU:CALJACFG_04070 (length 160)
faa/Prokka/GCA_000008085/GCA_000008085:UU:CALJACFG_04080 (length 1012)
faa/Prokka/GCA_000008085/GCA_000008085:UU:CALJACFG_04090 (length 144)
faa/Prokka/GCA_000008085/GCA_000008085:UU:CALJACFG_04100 (length 328)
faa/Prokka/GCA_000008085/GCA_000008085:UU:CALJACFG_04110 (length 393)
faa/Prokka/GCA_000008085/GCA_000008085:UU:CALJACFG_04120 (length 98)
faa/Prokka/GCA_000008085/GCA_000008085:UU:CALJACFG_04130 (length 210)
faa/Prokka/GCA_000008085/GCA_000008085:UU:CALJACFG_04140 (length 284)
faa/Prokka/GCA_000008085/GCA_000008085:UU:CALJACFG_04150 (length 45)
faa/Prokka/GCA_000008085/GCA_000008085:UU:CALJACFG_04160 (length 330)
faa/Prokka/GCA_000008085/GCA_000008085:UU:CALJACFG_04170 (length 216)
faa/Prokka/GCA_000008085/GCA_000008085:UU:CALJACFG_04180 (length 307)
faa/Prokka/GCA_000008085/GCA_000008085:UU:CALJACFG_04190 (length 1047)
faa/Prokka/GCA_000008085/GCA_000008085:UU:CALJACFG_04200 (length 253)
faa/Prokka/GCA_000008085/GCA_000008085:UU:CALJACFG_04210 (length 296)
faa/Prokka/GCA_000008085/GCA_000008085:UU:CALJACFG_04220 (length 158)
faa/Prokka/GCA_000008085/GCA_000008085:UU:CALJACFG_04230 (length 200)
faa/Prokka/GCA_000008085/GCA_000008085:UU:CALJACFG_04240 (length 260)
faa/Prokka/GCA_000008085/GCA_000008085:UU:CALJACFG_04250 (length 462)
faa/Prokka/GCA_000008085/GCA_000008085:UU:CALJACFG_04260 (length 54)
faa/Prokka/GCA_000008085/GCA_000008085:UU:CALJACFG_04270 (length 69)
faa/Prokka/GCA_000008085/GCA_000008085:UU:CALJACFG_04280 (length 103)
faa/Prokka/GCA_000008085/GCA_000008085:UU:CALJACFG_04290 (length 443)
faa/Prokka/GCA_000008085/GCA_000008085:UU:CALJACFG_04300 (length 96)
faa/Prokka/GCA_000008085/GCA_000008085:UU:CALJACFG_04310 (length 193)
faa/Prokka/GCA_000008085/GCA_000008085:UU:CALJACFG_04320 (length 232)
faa/Prokka/GCA_000008085/GCA_000008085:UU:CALJACFG_04330 (length 112)
faa/Prokka/GCA_000008085/GCA_000008085:UU:CALJACFG_04340 (length 512)
faa/Prokka/GCA_000008085/GCA_000008085:UU:CALJACFG_04350 (length 421)
faa/Prokka/GCA_000008085/GCA_000008085:UU:CALJACFG_04360 (length 1242)
faa/Prokka/GCA_000008085/GCA_000008085:UU:CALJACFG_04370 (length 179)
faa/Prokka/GCA_000008085/GCA_000008085:UU:CALJACFG_04380 (length 72)
faa/Prokka/GCA_000008085/GCA_000008085:UU:CALJACFG_04390 (length 230)
faa/Prokka/GCA_000008085/GCA_000008085:UU:CALJACFG_04400 (length 217)
faa/Prokka/GCA_000008085/GCA_000008085:UU:CALJACFG_04410 (length 125)
faa/Prokka/GCA_000008085/GCA_000008085:UU:CALJACFG_04420 (length 433)
faa/Prokka/GCA_000008085/GCA_000008085:UU:CALJACFG_04430 (length 714)
faa/Prokka/GCA_000008085/GCA_000008085:UU:CALJACFG_04440 (length 318)
faa/Prokka/GCA_000008085/GCA_000008085:UU:CALJACFG_04450 (length 374)
faa/Prokka/GCA_000008085/GCA_000008085:UU:CALJACFG_04460 (length 58)
faa/Prokka/GCA_000008085/GCA_000008085:UU:CALJACFG_04470 (length 104)
faa/Prokka/GCA_000008085/GCA_000008085:UU:CALJACFG_04480 (length 131)
faa/Prokka/GCA_000008085/GCA_000008085:UU:CALJACFG_04490 (length 430)
faa/Prokka/GCA_000008085/GCA_000008085:UU:CALJACFG_04500 (length 198)
faa/Prokka/GCA_000008085/GCA_000008085:UU:CALJACFG_04510 (length 84)
faa/Prokka/GCA_000008085/GCA_000008085:UU:CALJACFG_04520 (length 321)
faa/Prokka/GCA_000008085/GCA_000008085:UU:CALJACFG_04530 (length 196)
faa/Prokka/GCA_000008085/GCA_000008085:UU:CALJACFG_04540 (length 46)
faa/Prokka/GCA_000008085/GCA_000008085:UU:CALJACFG_04550 (length 575)
faa/Prokka/GCA_000008085/GCA_000008085:UU:CALJACFG_04560 (length 240)
faa/Prokka/GCA_000008085/GCA_000008085:UU:CALJACFG_04570 (length 465)
faa/Prokka/GCA_000008085/GCA_000008085:UU:CALJACFG_04580 (length 251)
faa/Prokka/GCA_000008085/GCA_000008085:UU:CALJACFG_04590 (length 332)
faa/Prokka/GCA_000008085/GCA_000008085:UU:CALJACFG_04600 (length 295)
faa/Prokka/GCA_000008085/GCA_000008085:UU:CALJACFG_04610 (length 775)
faa/Prokka/GCA_000008085/GCA_000008085:UU:CALJACFG_04620 (length 180)
faa/Prokka/GCA_000008085/GCA_000008085:UU:CALJACFG_04630 (length 184)
faa/Prokka/GCA_000008085/GCA_000008085:UU:CALJACFG_04640 (length 249)
faa/Prokka/GCA_000008085/GCA_000008085:UU:CALJACFG_04650 (length 190)
faa/Prokka/GCA_000008085/GCA_000008085:UU:CALJACFG_04660 (length 155)
faa/Prokka/GCA_000008085/GCA_000008085:UU:CALJACFG_04670 (length 317)
faa/Prokka/GCA_000008085/GCA_000008085:UU:CALJACFG_04680 (length 117)
faa/Prokka/GCA_000008085/GCA_000008085:UU:CALJACFG_04690 (length 136)
faa/Prokka/GCA_000008085/GCA_000008085:UU:CALJACFG_04700 (length 118)
faa/Prokka/GCA_000008085/GCA_000008085:UU:CALJACFG_04710 (length 164)
faa/Prokka/GCA_000008085/GCA_000008085:UU:CALJACFG_04720 (length 186)
faa/Prokka/GCA_000008085/GCA_000008085:UU:CALJACFG_04730 (length 170)
faa/Prokka/GCA_000008085/GCA_000008085:UU:CALJACFG_04740 (length 227)
faa/Prokka/GCA_000008085/GCA_000008085:UU:CALJACFG_04750 (length 243)
faa/Prokka/GCA_000008085/GCA_000008085:UU:CALJACFG_04760 (length 342)
faa/Prokka/GCA_000008085/GCA_000008085:UU:CALJACFG_04770 (length 73)
faa/Prokka/GCA_000008085/GCA_000008085:UU:CALJACFG_04780 (length 270)
faa/Prokka/GCA_000008085/GCA_000008085:UU:CALJACFG_04790 (length 776)
faa/Prokka/GCA_000008085/GCA_000008085:UU:CALJACFG_04800 (length 246)
faa/Prokka/GCA_000008085/GCA_000008085:UU:CALJACFG_04810 (length 312)
faa/Prokka/GCA_000008085/GCA_000008085:UU:CALJACFG_04820 (length 239)
faa/Prokka/GCA_000008085/GCA_000008085:UU:CALJACFG_04830 (length 250)
faa/Prokka/GCA_000008085/GCA_000008085:UU:CALJACFG_04840 (length 160)
faa/Prokka/GCA_000008085/GCA_000008085:UU:CALJACFG_04850 (length 678)
faa/Prokka/GCA_000008085/GCA_000008085:UU:CALJACFG_04860 (length 280)
faa/Prokka/GCA_000008085/GCA_000008085:UU:CALJACFG_04870 (length 397)
faa/Prokka/GCA_000008085/GCA_000008085:UU:CALJACFG_04880 (length 444)
faa/Prokka/GCA_000008085/GCA_000008085:UU:CALJACFG_04890 (length 153)
faa/Prokka/GCA_000008085/GCA_000008085:UU:CALJACFG_04900 (length 393)
faa/Prokka/GCA_000008085/GCA_000008085:UU:CALJACFG_04910 (length 127)
faa/Prokka/GCA_000008085/GCA_000008085:UU:CALJACFG_04920 (length 56)
faa/Prokka/GCA_000008085/GCA_000008085:UU:CALJACFG_04930 (length 71)
faa/Prokka/GCA_000008085/GCA_000008085:UU:CALJACFG_04940 (length 158)
faa/Prokka/GCA_000008085/GCA_000008085:UU:CALJACFG_04950 (length 206)
faa/Prokka/GCA_000008085/GCA_000008085:UU:CALJACFG_04960 (length 354)
faa/Prokka/GCA_000008085/GCA_000008085:UU:CALJACFG_04970 (length 823)
faa/Prokka/GCA_000008085/GCA_000008085:UU:CALJACFG_04980 (length 171)
faa/Prokka/GCA_000008085/GCA_000008085:UU:CALJACFG_04990 (length 283)
faa/Prokka/GCA_000008085/GCA_000008085:UU:CALJACFG_05000 (length 89)
faa/Prokka/GCA_000008085/GCA_000008085:UU:CALJACFG_05010 (length 234)
faa/Prokka/GCA_000008085/GCA_000008085:UU:CALJACFG_05020 (length 507)
faa/Prokka/GCA_000008085/GCA_000008085:UU:CALJACFG_05030 (length 135)
faa/Prokka/GCA_000008085/GCA_000008085:UU:CALJACFG_05040 (length 230)
faa/Prokka/GCA_000008085/GCA_000008085:UU:CALJACFG_05050 (length 139)
faa/Prokka/GCA_000008085/GCA_000008085:UU:CALJACFG_05060 (length 101)
faa/Prokka/GCA_000008085/GCA_000008085:UU:CALJACFG_05070 (length 170)
faa/Prokka/GCA_000008085/GCA_000008085:UU:CALJACFG_05080 (length 153)
faa/Prokka/GCA_000008085/GCA_000008085:UU:CALJACFG_05090 (length 308)
faa/Prokka/GCA_000008085/GCA_000008085:UU:CALJACFG_05100 (length 154)
faa/Prokka/GCA_000008085/GCA_000008085:UU:CALJACFG_05110 (length 118)
faa/Prokka/GCA_000008085/GCA_000008085:UU:CALJACFG_05120 (length 53)
faa/Prokka/GCA_000008085/GCA_000008085:UU:CALJACFG_05130 (length 236)
faa/Prokka/GCA_000008085/GCA_000008085:UU:CALJACFG_05140 (length 122)
faa/Prokka/GCA_000008085/GCA_000008085:UU:CALJACFG_05150 (length 468)
faa/Prokka/GCA_000008085/GCA_000008085:UU:CALJACFG_05160 (length 313)
faa/Prokka/GCA_000008085/GCA_000008085:UU:CALJACFG_05170 (length 229)
faa/Prokka/GCA_000008085/GCA_000008085:UU:CALJACFG_05180 (length 314)
faa/Prokka/GCA_000008085/GCA_000008085:UU:CALJACFG_05190 (length 349)
faa/Prokka/GCA_000008085/GCA_000008085:UU:CALJACFG_05200 (length 494)
faa/Prokka/GCA_000008085/GCA_000008085:UU:CALJACFG_05210 (length 574)
faa/Prokka/GCA_000008085/GCA_000008085:UU:CALJACFG_05220 (length 167)
faa/Prokka/GCA_000008085/GCA_000008085:UU:CALJACFG_05230 (length 133)
faa/Prokka/GCA_000008085/GCA_000008085:UU:CALJACFG_05240 (length 356)
faa/Prokka/GCA_000008085/GCA_000008085:UU:CALJACFG_05250 (length 172)
faa/Prokka/GCA_000008085/GCA_000008085:UU:CALJACFG_05260 (length 161)
faa/Prokka/GCA_000008085/GCA_000008085:UU:CALJACFG_05270 (length 86)
faa/Prokka/GCA_000008085/GCA_000008085:UU:CALJACFG_05280 (length 355)
faa/Prokka/GCA_000008085/GCA_000008085:UU:CALJACFG_05290 (length 870)
faa/Prokka/GCA_000008085/GCA_000008085:UU:CALJACFG_05300 (length 255)
faa/Prokka/GCA_000008085/GCA_000008085:UU:CALJACFG_05310 (length 483)
faa/Prokka/GCA_000008085/GCA_000008085:UU:CALJACFG_05320 (length 62)
faa/Prokka/GCA_000008085/GCA_000008085:UU:CALJACFG_05330 (length 91)
faa/Prokka/GCA_000008085/GCA_000008085:UU:CALJACFG_05340 (length 201)
faa/Prokka/GCA_000008085/GCA_000008085:UU:CALJACFG_05350 (length 567)
faa/Prokka/GCA_000008085/GCA_000008085:UU:CALJACFG_05360 (length 96)
faa/Prokka/GCA_000008085/GCA_000008085:UU:CALJACFG_05370 (length 146)
faa/Prokka/GCA_000008085/GCA_000008085:UU:CALJACFG_05380 (length 372)
faa/Prokka/GCA_000008085/GCA_000008085:UU:CALJACFG_05390 (length 349)
faa/Prokka/GCA_000008085/GCA_000008085:UU:CALJACFG_05400 (length 84)
faa/Prokka/GCA_000008085/GCA_000008085:UU:CALJACFG_05410 (length 220)
faa/Prokka/GCA_000008085/GCA_000008085:UU:CALJACFG_05420 (length 216)
faa/Prokka/GCA_000008085/GCA_000008085:UU:CALJACFG_05430 (length 83)
faa/Prokka/GCA_000008085/GCA_000008085:UU:CALJACFG_05440 (length 261)
faa/Prokka/GCA_000008085/GCA_000008085:UU:CALJACFG_05450 (length 206)
faa/Prokka/GCA_000008085/GCA_000008085:UU:CALJACFG_05460 (length 129)
faa/Prokka/GCA_000008085/GCA_000008085:UU:CALJACFG_05470 (length 62)
faa/Prokka/GCA_000008085/GCA_000008085:UU:CALJACFG_05480 (length 37)
faa/Prokka/GCA_000008085/GCA_000008085:UU:CALJACFG_05490 (length 250)
faa/Prokka/GCA_000008085/GCA_000008085:UU:CALJACFG_05500 (length 310)
faa/Prokka/GCA_000008085/GCA_000008085:UU:CALJACFG_05510 (length 366)
faa/Prokka/GCA_000008085/GCA_000008085:UU:CALJACFG_05520 (length 352)
faa/Prokka/GCA_000008085/GCA_000008085:UU:CALJACFG_05530 (length 226)
faa/Prokka/GCA_000008085/GCA_000008085:UU:CALJACFG_05540 (length 245)
faa/Prokka/GCA_000008085/GCA_000008085:UU:CALJACFG_05550 (length 489)
faa/Prokka/GCA_000008085/GCA_000008085:UU:CALJACFG_05560 (length 253)
faa/Prokka/GCA_000008085/GCA_000008085:UU:CALJACFG_05570 (length 133)
faa/Prokka/GCA_000008085/GCA_000008085:UU:CALJACFG_05580 (length 323)
faa/Prokka/GCA_000008085/GCA_000008085:UU:CALJACFG_05590 (length 124)
faa/Prokka/GCA_000008085/GCA_000008085:UU:CALJACFG_05600 (length 93)
faa/Prokka/GCA_000008085/GCA_000008085:UU:CALJACFG_05610 (length 114)
faa/Prokka/GCA_000008085/GCA_000008085:UU:CALJACFG_05620 (length 51)
faa/Prokka/GCA_000008085/GCA_000008085:UU:CALJACFG_05630 (length 75)
faa/Prokka/GCA_000008085/GCA_000008085:UU:CALJACFG_05640 (length 147)
faa/Prokka/GCA_000008085/GCA_000008085:UU:CALJACFG_05650 (length 404)
faa/Prokka/GCA_000008085/GCA_000008085:UU:CALJACFG_05660 (length 332)
faa/Prokka/GCA_000008085/GCA_000008085:UU:CALJACFG_05670 (length 287)
faa/Prokka/GCA_000008085/GCA_000008085:UU:CALJACFG_05680 (length 249)
faa/Prokka/GCA_000008085/GCA_000008085:UU:CALJACFG_05690 (length 209)
faa/Prokka/GCA_000008085/GCA_000008085:UU:CALJACFG_05700 (length 160)
faa/Prokka/GCA_000008085/GCA_000008085:UU:CALJACFG_05710 (length 103)
faa/Prokka/GCA_000008085/GCA_000008085:UU:CALJACFG_05720 (length 743)
faa/Prokka/GCA_000008085/GCA_000008085:UU:CALJACFG_05730 (length 359)
faa/Prokka/GCA_000008085/GCA_000008085:UU:CALJACFG_05740 (length 217)
faa/Prokka/GCA_000008085/GCA_000008085:UU:CALJACFG_05750 (length 316)
faa/Prokka/GCA_000008085/GCA_000008085:UU:CALJACFG_05760 (length 213)
faa/Prokka/GCA_000008085/GCA_000008085:UU:CALJACFG_05770 (length 94)
faa/Prokka/GCA_000008085/GCA_000008085:UU:CALJACFG_05780 (length 381)
faa/Prokka/GCA_000008085/GCA_000008085:UU:CALJACFG_05790 (length 264)
faa/Prokka/GCA_000008085/GCA_000008085:UU:CALJACFG_05800 (length 179)

DiscRep_ALL:DISC_INCONSISTENT_MOLINFO_TECH::Molinfo Technique Report (some missing, all same)
DiscRep_SUB:DISC_INCONSISTENT_MOLINFO_TECH::technique (all missing)
DiscRep_SUB:DISC_INCONSISTENT_MOLINFO_TECH::1 Molinfos are missing field technique
faa/Prokka/GCA_000008085/GCA_000008085:UU:CALJACFG_1 (length 490885)

